Login attempt for username: requestor at 2025-05-13 14:06:05
Login attempt for username: requestor at 2025-05-13 14:09:10
Login attempt for username: requestor at 2025-05-13 14:10:01
Login attempt for username: requestor at 2025-05-13 14:10:16
Login attempt for username: requestor at 2025-05-13 14:10:45
Failed login attempt #1 for username: requestor at 2025-05-13 14:10:45
Login attempt for username: requestor at 2025-05-13 14:10:55
Failed login attempt #2 for username: requestor at 2025-05-13 14:10:55
Login attempt for username: requestor at 2025-05-13 14:11:03
Failed login attempt #3 for username: requestor at 2025-05-13 14:11:03
Login attempt for username: requestor at 2025-05-13 14:11:19
Account locked for username: requestor until 2025-05-13 14:16:03 at 2025-05-13 14:11:19
Login attempt for username: admin at 2025-05-13 14:11:31
Login attempt for username: requestor at 2025-05-13 14:13:25
Lock expired, resetting failed attempts for username: requestor at 2025-05-13 14:13:25
Login attempt for username: admin at 2025-05-13 14:14:41
Login attempt for username: custodian at 2025-05-13 14:14:44
Login attempt for username: custodian at 2025-05-13 14:15:23
Login attempt for username: stockroom at 2025-05-13 14:16:01
Login attempt for username: stockroom at 2025-05-13 14:16:55
Login attempt for username: custodian at 2025-05-13 14:17:02
Login attempt for username: stockroom at 2025-05-13 14:17:08
Login attempt for username: stockroom at 2025-05-13 14:17:42
Login attempt for username: stockroom at 2025-05-13 14:17:55
Login attempt for username: stockroom at 2025-05-13 14:18:06
Login attempt for username: stockroom at 2025-05-13 14:18:33
Login attempt for username: dept_head at 2025-05-13 14:18:56
Login attempt for username: approver at 2025-05-13 14:19:07
Login attempt for username: stockroom at 2025-05-13 14:19:37
Login attempt for username: stockroom at 2025-05-13 14:21:17
Login attempt for username: custodian at 2025-05-13 14:22:52
Login attempt for username: custodian at 2025-05-13 14:23:14
Login attempt for username: stockroom at 2025-05-13 14:23:17
Login attempt for username: purchaser at 2025-05-13 14:23:43
Login attempt for username: admin at 2025-05-13 14:24:44
Login attempt for username: requestor at 2025-05-13 15:45:25
Login attempt for username: admin at 2025-05-13 15:49:36
Login attempt for username: requestor at 2025-05-13 15:51:44
Login attempt for username: admin at 2025-05-13 15:52:08
Login attempt for username: requestor at 2025-05-13 16:05:56
Login attempt for username: admin at 2025-05-13 16:06:00
Login attempt for username: requestor at 2025-05-13 16:06:45
Login attempt for username: admin at 2025-05-13 16:07:41
Login attempt for username: requestor at 2025-05-13 16:11:59
Login attempt for username: admin at 2025-05-13 16:12:28
Login attempt for username: admin at 2025-05-13 16:14:42
Login attempt for username: requestor at 2025-05-13 16:14:47
Login attempt for username: admin at 2025-05-13 16:18:35
Login attempt for username: admin at 2025-05-13 16:20:28
Login attempt for username: requestor at 2025-05-13 16:20:35
Login attempt for username: admin at 2025-05-13 16:20:50
Login attempt for username: requestor at 2025-05-13 16:22:00
Login attempt for username: admin at 2025-05-13 16:22:11
Login attempt for username: requestor at 2025-05-13 16:23:16
Login attempt for username: admin at 2025-05-13 16:23:36
Login attempt for username: requestor at 2025-05-13 16:23:50
Login attempt for username: admin at 2025-05-13 16:24:01
Login attempt for username: admin at 2025-05-13 16:26:33
Login attempt for username: requestor at 2025-05-13 16:29:25
Login attempt for username: admin at 2025-05-13 16:34:06
Login attempt for username: requestor at 2025-05-13 16:39:05
Login attempt for username: admin at 2025-05-13 16:39:17
Login attempt for username: requestor at 2025-05-13 16:42:26
Login attempt for username: admin at 2025-05-13 16:42:52
Login attempt for username: requestor at 2025-05-13 17:11:28
Login attempt for username: admin at 2025-05-13 17:15:40
Login attempt for username: requestor at 2025-05-13 17:16:55
Login attempt for username: dept_head at 2025-05-13 17:17:23
Login attempt for username: approver at 2025-05-13 17:17:30
Login attempt for username: purchaser  at 2025-05-13 17:21:00
Login attempt for username: approver at 2025-05-13 17:25:24
Login attempt for username: purchaser  at 2025-05-13 17:30:39
Login attempt for username: dept_head at 2025-05-13 17:40:26
Login attempt for username: admin at 2025-05-13 17:40:39
Login attempt for username: approver at 2025-05-13 17:40:44
Login attempt for username: purchaser  at 2025-05-13 17:40:55
Login attempt for username: custodian at 2025-05-13 17:42:28
Login attempt for username: admin at 2025-05-13 17:42:42
Login attempt for username: approver at 2025-05-13 17:42:48
Login attempt for username: purchaser  at 2025-05-13 17:42:54
Login attempt for username: purchaser at 2025-05-13 17:44:23
Login attempt for username: admin at 2025-05-29 22:07:34
Login attempt for username: admin at 2025-05-29 22:07:45
Login attempt for username: requestor at 2025-05-29 22:12:14
Login attempt for username: approver at 2025-05-29 22:15:01
Login attempt for username: stockroom at 2025-05-29 22:46:03
Login attempt for username: requestor at 2025-06-09 15:34:33
Login attempt for username: requestor at 2025-06-09 15:35:08
Login attempt for username: dept_head at 2025-06-09 15:35:18
Login attempt for username: admin at 2025-06-09 15:35:35
Login attempt for username: requestor at 2025-06-09 16:02:20
Login attempt for username: requestor at 2025-06-09 16:02:42
Login attempt for username: requestor at 2025-06-09 16:03:20
Login attempt for username: dept_head at 2025-06-09 16:08:21
Login attempt for username: approver at 2025-06-09 16:08:34
Login attempt for username: requestor at 2025-06-09 16:12:50
Login attempt for username: purchaser at 2025-06-09 16:13:13
Login attempt for username: approver at 2025-06-09 16:26:22
Login attempt for username: stockroom at 2025-06-09 17:50:09
Login attempt for username: custodian at 2025-06-09 18:35:22
Login attempt for username: requestor at 2025-06-09 18:36:46
Login attempt for username: admin at 2025-06-10 09:26:38
Login attempt for username: admin at 2025-06-10 10:06:22
Login attempt for username: admin at 2025-06-10 10:12:02
Login attempt for username: custodian at 2025-06-10 10:13:26
Login attempt for username: requestor at 2025-06-11 12:53:08
Login attempt for username: dept_head at 2025-06-11 17:00:49
Login attempt for username: requestor at 2025-06-11 17:02:17
Login attempt for username: requestor at 2025-06-11 17:03:37
Login attempt for username: dept_head at 2025-06-11 17:03:48
Login attempt for username: requestor at 2025-06-11 17:04:02
Login attempt for username: stockroom at 2025-06-11 17:48:50
Login attempt for username: requestor at 2025-06-11 18:23:07
Login attempt for username: stockroom at 2025-06-11 20:51:07
Login attempt for username: requestor2 at 2025-06-11 22:29:17
Login attempt for username: custodian at 2025-06-11 22:36:43
Login attempt for username: custodian at 2025-06-11 22:40:45
Login attempt for username: requestor at 2025-06-11 22:42:59
Login attempt for username: stockroom at 2025-06-11 23:10:07
Login attempt for username: custodian at 2025-06-11 23:13:31
Login attempt for username: stockroom at 2025-06-11 23:19:01
Login attempt for username: custodian at 2025-06-11 23:22:17
Login attempt for username: requestor at 2025-06-12 09:31:06
Login attempt for username: dept_head at 2025-06-12 09:42:22
Login attempt for username: requestor at 2025-06-12 09:42:57
Login attempt for username: requestor2 at 2025-06-12 09:44:32
Login attempt for username: requestor at 2025-06-12 09:52:00
Login attempt for username: dept_head at 2025-06-12 10:05:38
Login attempt for username: requestor at 2025-06-12 10:14:44
Login attempt for username: dept_head at 2025-06-12 10:15:05
Login attempt for username: dept_head at 2025-06-12 10:16:53
Login attempt for username: dept_head at 2025-06-12 10:17:00
Login attempt for username: dept_head at 2025-06-12 10:17:14
Login attempt for username: dept_head at 2025-06-12 10:33:53
Login attempt for username: dept_head at 2025-06-12 10:34:38
Login attempt for username: dept_head at 2025-06-12 10:35:01
Login attempt for username: dept_head at 2025-06-12 10:37:47
Login attempt for username: dept_head at 2025-06-12 10:37:52
Login attempt for username: dept_head at 2025-06-12 10:38:32
Login attempt for username: dept_head at 2025-06-12 10:53:33
Login attempt for username: requestor at 2025-06-12 11:37:20
Login attempt for username: dept_head at 2025-06-12 11:37:25
Login attempt for username: stockroom at 2025-06-12 11:48:08
Login attempt for username: requestor at 2025-06-12 12:36:55
Login attempt for username: dept_head at 2025-06-12 12:37:02
Login attempt for username: stockroom at 2025-06-12 16:04:27
Login attempt for username: dept_head at 2025-06-12 16:10:38
Login attempt for username: dept_head at 2025-06-12 16:12:03
Login attempt for username: dept_head at 2025-06-12 16:13:35
Login attempt for username: approver at 2025-06-12 16:38:05
Login attempt for username: dept_head at 2025-06-12 16:40:35
Login attempt for username: approver at 2025-06-12 16:40:43
Login attempt for username: dept_head at 2025-06-12 18:58:57
Login attempt for username: requestor at 2025-06-12 18:59:02
Login attempt for username: dept_head at 2025-06-12 19:00:32
Login attempt for username: approver at 2025-06-12 19:01:10
Login attempt for username: stockroom at 2025-06-12 19:01:23
Login attempt for username: dept_head at 2025-06-12 19:07:44
Login attempt for username: dept_head at 2025-06-12 19:17:53
Login attempt for username: admin at 2025-06-12 19:19:39
Login attempt for username: approver at 2025-06-12 19:19:48
Login attempt for username: dept_head at 2025-06-12 19:27:48
Login attempt for username: approver at 2025-06-12 19:28:00
Login attempt for username: requestor at 2025-06-12 19:29:23
Login attempt for username: approver at 2025-06-12 19:33:59
Login attempt for username: dept_head at 2025-06-12 19:38:41
Login attempt for username: dept_head at 2025-06-12 19:42:17
Login attempt for username: approver at 2025-06-12 20:10:12
Login attempt for username: approver at 2025-06-12 20:13:52
Login attempt for username: approver at 2025-06-12 20:25:51
Login attempt for username: approver at 2025-06-12 20:26:08
Login attempt for username: approver at 2025-06-12 20:26:25
Login attempt for username: stockroom at 2025-06-12 20:30:00
Login attempt for username: dept_head at 2025-06-12 20:44:44
Login attempt for username: dept_head at 2025-06-12 20:44:51
Login attempt for username: approver at 2025-06-12 20:45:06
Login attempt for username: approver at 2025-06-12 20:46:12
Login attempt for username: approver at 2025-06-13 13:17:41
Login attempt for username: dept_head at 2025-06-13 13:57:11
Login attempt for username: dept_head at 2025-06-13 13:57:36
Login attempt for username: requestor at 2025-06-13 13:57:57
Login attempt for username: approver at 2025-06-13 13:58:18
Login attempt for username: requestor at 2025-06-13 13:59:57
Login attempt for username: approver at 2025-06-13 14:02:48
Login attempt for username: requestor at 2025-06-13 14:13:25
Login attempt for username: dept_head at 2025-06-13 14:14:20
Login attempt for username: requestor at 2025-06-13 14:14:30
Login attempt for username: requestor at 2025-06-13 14:16:18
Login attempt for username: dept_head at 2025-06-13 14:22:53
Login attempt for username: requestor at 2025-06-13 14:23:05
Login attempt for username: dept_head at 2025-06-13 14:31:29
Login attempt for username: requestor at 2025-06-13 14:31:45
Login attempt for username: approver at 2025-06-13 14:36:39
Login attempt for username: dept_head at 2025-06-13 14:59:02
Login attempt for username: approver at 2025-06-13 15:07:50
Login attempt for username: stockroom at 2025-06-13 15:10:40
Login attempt for username: custodian at 2025-06-13 15:13:11
Login attempt for username: requestor at 2025-06-13 16:04:12
Login attempt for username: dept_head at 2025-06-13 16:05:04
Login attempt for username: approver at 2025-06-13 16:05:25
Login attempt for username: purchaser at 2025-06-13 16:05:45
Login attempt for username: stockroom at 2025-06-13 16:07:59
Login attempt for username: custodian at 2025-06-13 16:09:38
Login attempt for username: stockroom at 2025-06-13 16:09:53
Login attempt for username: custodian at 2025-06-13 16:10:25
Login attempt for username: custodian at 2025-06-13 16:18:28
Login attempt for username: stockroom at 2025-06-13 16:18:33
Login attempt for username: custodian at 2025-06-13 16:18:45
Login attempt for username: custodian at 2025-06-13 16:19:01
Login attempt for username: requestor at 2025-06-13 16:21:40
Login attempt for username: approver at 2025-06-13 16:36:47
Login attempt for username: requestor at 2025-06-13 16:37:41
Login attempt for username: dept_head at 2025-06-13 16:39:33
Login attempt for username: requestor at 2025-06-13 16:42:50
Login attempt for username: dept_head at 2025-06-13 16:44:27
Login attempt for username: approver at 2025-06-13 16:46:31
Login attempt for username: requestor at 2025-06-13 16:48:18
Login attempt for username: dept_head at 2025-06-13 16:49:36
Login attempt for username: approver at 2025-06-13 16:51:55
Login attempt for username: stockroom at 2025-06-13 16:52:28
Login attempt for username: custodian at 2025-06-13 16:53:49
Login attempt for username: requestor at 2025-06-13 16:54:12
Login attempt for username: dept_head at 2025-06-13 17:11:07
Login attempt for username: requestor at 2025-06-13 17:21:35
Login attempt for username: requestor at 2025-06-13 17:23:22
Login attempt for username: dept_head at 2025-06-13 17:25:54
Login attempt for username: requestor at 2025-06-13 17:26:03
Login attempt for username: requestor at 2025-06-13 17:28:39
Login attempt for username: dept_head at 2025-06-13 17:40:05
Login attempt for username: requestor at 2025-06-13 17:42:26
Login attempt for username: requestor at 2025-06-14 09:07:26
Login attempt for username: requestor at 2025-06-14 09:47:33
Login attempt for username: requestor at 2025-06-14 10:06:06
Login attempt for username: requestor at 2025-06-14 10:06:30
Login attempt for username: admin at 2025-06-14 10:08:45
Login attempt for username: requestor at 2025-06-14 10:08:53
Login attempt for username: stockroom at 2025-06-14 10:09:52
Login attempt for username: requestor at 2025-06-14 10:11:44
Login attempt for username: stockroom at 2025-06-14 10:12:23
Login attempt for username: stockroom at 2025-06-14 10:12:48
Login attempt for username: stockroom at 2025-06-14 10:13:56
Login attempt for username: requestor at 2025-06-14 10:15:11
Login attempt for username: requestor at 2025-06-14 10:15:47
Login attempt for username: requestor at 2025-06-14 10:39:00
Login attempt for username: requestor at 2025-06-14 11:03:49
Login attempt for username: purchaser  at 2025-06-14 11:05:52
Login attempt for username: requestor at 2025-06-14 16:05:42
Login attempt for username: dept_head at 2025-06-16 11:12:22
Login attempt for username: requestor at 2025-06-16 11:12:31
Login attempt for username: requestor at 2025-06-16 15:59:55
Login attempt for username: requestor at 2025-06-16 17:23:22
Login attempt for username: requestor at 2025-06-16 17:51:34
Login attempt for username: requestor at 2025-06-16 17:54:59
Login attempt for username: dept_head at 2025-06-16 17:56:33
Login attempt for username: approver at 2025-06-16 17:58:26
Login attempt for username: requestor at 2025-06-16 17:58:40
Login attempt for username: custodian at 2025-07-31 10:01:25
Login attempt for username: requestor at 2025-07-31 10:19:23
Login attempt for username: custodian at 2025-07-31 10:22:37
Login attempt for username: dept_head at 2025-07-31 12:33:44
Login attempt for username: requestor at 2025-08-05 15:11:42
Login attempt for username: dept_head at 2025-08-05 15:28:22
Login attempt for username: approver at 2025-08-05 15:30:20
Login attempt for username: admin at 2025-08-05 15:30:26
Login attempt for username: dept_head at 2025-08-05 15:37:49
Login attempt for username: approver at 2025-08-05 15:37:55
Login attempt for username: purchaser at 2025-08-05 17:32:03
Login attempt for username: custodian at 2025-08-05 17:32:57
Login attempt for username: stockroom at 2025-08-10 15:00:31
Login attempt for username: custodian at 2025-08-10 15:00:51
Login attempt for username: stockroom at 2025-08-10 15:10:12
Login attempt for username: stockroom at 2025-08-10 15:11:27
Login attempt for username: requestor at 2025-08-10 15:14:44
Login attempt for username: stockroom at 2025-08-10 15:15:35
Login attempt for username: requestor at 2025-08-10 15:17:16
Login attempt for username: requestor at 2025-08-10 15:27:23
Login attempt for username: requestor at 2025-08-10 15:27:34
Login attempt for username: requestor at 2025-08-10 15:27:58
Login attempt for username: requestor at 2025-08-10 15:28:30
Login attempt for username: requestor at 2025-08-10 15:31:40
Login attempt for username: requestor at 2025-08-10 15:33:41
Login attempt for username: admin at 2025-08-10 15:39:43
Login attempt for username: requestor at 2025-08-10 15:39:48
Login attempt for username: requestor at 2025-08-10 15:40:14
Login attempt for username: dept_head at 2025-08-10 16:34:29
Login attempt for username: dept_head at 2025-08-10 16:34:42
Login attempt for username: requestor at 2025-08-10 16:34:58
Login attempt for username: admin at 2025-08-10 16:38:25
Login attempt for username: approver at 2025-08-10 16:38:31
Login attempt for username: purchaser  at 2025-08-10 16:53:48
Login attempt for username: stockroom at 2025-08-10 17:28:56
Login attempt for username: requestor at 2025-08-10 20:58:59
Login attempt for username: stockroom at 2025-08-10 20:59:07
Login attempt for username: custodian at 2025-08-10 22:00:23
Login attempt for username: admin at 2025-08-11 08:45:01
Login attempt for username: requestor at 2025-08-11 08:45:13
Login attempt for username: stockroom at 2025-08-11 08:45:43
Login attempt for username: custodian at 2025-08-11 08:46:09
Login attempt for username: purchaser at 2025-08-12 18:13:52
Login attempt for username: requestor at 2025-08-13 23:06:02
Login attempt for username: dept_head at 2025-08-13 23:08:51
Login attempt for username: purchaser  at 2025-08-13 23:10:01
Login attempt for username: requestor at 2025-08-13 23:15:59
Login attempt for username: purchaser  at 2025-08-13 23:22:07
Login attempt for username: stockroom at 2025-08-13 23:25:39
Login attempt for username: requestor at 2025-08-13 23:36:13
Login attempt for username: custodian at 2025-08-13 23:36:26
Login attempt for username: custodian at 2025-08-13 23:39:54
