[2025-02-06 10:50:43] User updated successfully: 2142124 | Username: 12 | Position: System Admin | Updated by: Super Admin (admin)
[2025-02-06 10:51:10] User updated successfully: sample | Username: 124124 | Position: Requestor | Updated by: Super Admin (admin)
[2025-02-06 11:46:10] User added successfully: 24 | Username: 52 | Position: System Admin | Added by: Super Admin (admin)
[2025-02-06 07:42:41] User deleted successfully: 412 | Username: 421 | Position: System Admin | Deleted by: Super Admin (admin)
[2025-02-06 14:44:00] User updated successfully: 2142124 | Username: 12 | Position: System Admin | Updated by: Super Admin (admin)
[2025-02-06 14:44:04] User updated successfully: 51 | Username: 42 | Position: System Admin | Updated by: Super Admin (admin)
[2025-02-06 14:44:09] User updated successfully: 24 | Username: 52 | Position: System Admin | Updated by: Super Admin (admin)
[2025-02-06 07:45:11] User deleted successfully: 24 | Username: 52 | Position: System Admin | Deleted by: Super Admin (admin)
[2025-02-06 07:45:38] User deleted successfully: 51 | Username: 42 | Position: System Admin | Deleted by: Super Admin (admin)
[2025-02-06 07:49:39] User deleted successfully: 2142124 | Username: 12 | Position: System Admin | Deleted by: Super Admin (admin)
[2025-02-06 15:09:06] User updated successfully: 124 | Username: 42 | Position: Dept. Head | Updated by: Super Admin (admin)
[2025-02-06 15:10:59] User updated successfully: 241 | Username: 214 | Position: System Admin | Updated by: Super Admin (admin)
[2025-02-06 15:11:28] User updated successfully: 241 | Username: 214 | Position: System Admin | Updated by: Super Admin (admin)
[2025-02-06 15:13:09] User updated successfully: 241 | Username: 214 | Position: System Admin | Updated by: Super Admin (admin)
[2025-02-06 15:14:04] User updated successfully: 241 | Username: 214 | Position: System Admin | Updated by: Super Admin (admin)
[2025-02-06 17:33:44] User updated successfully: Godwin Santiago II | Username: admin | Position: System Admin | Updated by: Super Admin (admin)
[2025-02-06 20:41:57] User updated successfully: 241 | Username: 214 | Position: System Admin | Updated by: Jane Smith (requestor)
[2025-02-06 20:43:06] User updated successfully: 241 | Username: 214 | Position: System Admin | Updated by: Godwin Santiago II (admin)
[2025-02-06 20:49:00] User updated successfully: 241 | Username: 214 | Position: System Admin | Updated by: Godwin Santiago II (admin)
[2025-02-06 21:20:40] User updated successfully: 241 | Username: 214 | Position: System Admin | Updated by: Godwin Santiago II (admin)
[2025-02-06 21:24:07] User updated successfully: 241 | Username: 214 | Position: System Admin | Updated by: Godwin Santiago II (admin)
[2025-02-06 21:25:55] User added successfully: 5132 | Username: 42 | Position: System Admin | Added by: Godwin Santiago II (admin)
[2025-02-06 21:26:17] User updated successfully: 5132 | Username: 42 | Position: System Admin | Updated by: Godwin Santiago II (admin)
[2025-02-06 21:26:58] User updated successfully: 5132 | Username: 42 | Position: System Admin | Updated by: Godwin Santiago II (admin)
[2025-02-06 21:37:23] User updated successfully: 5132 | Username: 42 | Position: System Admin | Updated by: Godwin Santiago II (admin)
[2025-02-06 21:44:24] User updated successfully: 5132 | Username: 42 | Position: System Admin | Updated by: Godwin Santiago II (admin)
[2025-02-06 21:45:46] User updated successfully: 5132 | Username: 42 | Position: System Admin | Updated by: Godwin Santiago II (admin)
[2025-02-06 21:52:54] User updated successfully: 5132 | Username: 42 | Position: System Admin | Updated by: Godwin Santiago II (admin)
[2025-02-06 21:59:25] User updated successfully: 5132 | Username: 42 | Position: System Admin | Updated by: Godwin Santiago II (admin)
[2025-02-11 18:53:55] PRS Inserted | PR Code: 6026 | Department: College  | Added by: Jane Smith (requestor)
[2025-02-11 13:05:52] PRS deleted successfully | PR Code: 6026 | Deleted by: Jane Smith (requestor)
[2025-02-11 20:06:42] PRS Inserted | PR Code: 6027 | Department: Customer Service | Added by: Jane Smith (requestor)
[2025-02-11 13:06:44] PRS deleted successfully | PR Code: 6027 | Deleted by: Jane Smith (requestor)
[2025-02-11 21:06:48] PRS Inserted | PR Code: 6026 | Department: Customer Service | Added by: Jane Smith (requestor)
[2025-02-12 13:17:51] PRS Inserted | PR Code: 6027 | Department: Human Resources | Added by: Jane Smith (requestor)
[2025-02-12 15:10:45] PRS Inserted | PR Code: 6028 | Department: Human Resources | Added by: Jane Smith (requestor)
[2025-02-12 17:00:47] PRS updated successfully | PR Code: 6023 | Updated by: Jane Smith (requestor)
[2025-02-12 17:01:23] PRS Inserted | PR Code: 6029 | Department: Information Technology | Added by: Jane Smith (requestor)
[2025-02-12 17:05:11] PRS updated successfully | PR Code: 6027 | Updated by: Jane Smith (requestor)
[2025-02-14 09:58:28] PRS updated successfully | PR Code: 6023 | Updated by: Jane Smith (requestor)
[2025-02-14 13:58:14] PRS updated successfully | PR Code: 6027 | Updated by: Godwin Santiago II (admin)
[2025-02-17 06:19:06] PRS verified successfully | PR Code: 6027 | Verified by: Arisu Johnson (dept_head)
[2025-02-17 06:19:43] PRS approved successfully | PR Code: 6027 | Approved by: Max Jones (approver)
[2025-02-17 13:34:52] PRS verified successfully | PR Code: 6026 | Verified by: Arisu Johnson (dept_head)
[2025-02-17 13:34:55] PRS verified successfully | PR Code: 6022 | Verified by: Arisu Johnson (dept_head)
[2025-02-17 14:26:50] PRS verified successfully | PR Code: 6023 | Verified by: Arisu Johnson (dept_head)
[2025-02-17 14:26:40] User added successfully: 124 | Username: 24 | Position: System Admin | Added by: Godwin Santiago II (admin)
[2025-02-17 14:26:55] PRS approved successfully | PR Code: 6023 | Approved by: Max Jones (approver)
[2025-02-17 18:00:37] PRS approved successfully | PR Code: 6026 | Approved by: Max Jones (approver)
[2025-02-17 18:23:00] PRS Inserted | PR Code: 6030 | Department: College  | Added by: Jane Smith (requestor)
[2025-02-17 18:00:18] PRS updated successfully | PR Code: 6030 | Updated by: Jane Smith (requestor)
[2025-02-17 11:04:23] User deleted successfully: 5132 | Username: 42 | Position: System Admin | Deleted by: Godwin Santiago II (admin)
[2025-02-17 18:41:40] User added successfully: sfga | Username: gsd | Position: System Admin | Added by: Godwin Santiago II (admin)
[2025-02-17 18:43:23] PRS Inserted | PR Code: 6031 | Department: Customer Service | Added by: Jane Smith (requestor)
[2025-02-17 18:43:59] PRS updated successfully | PR Code: 6030 | Updated by: Jane Smith (requestor)
[2025-02-17 18:44:10] PRS Inserted | PR Code: 6032 | Department: Customer Service | Added by: Jane Smith (requestor)
[2025-02-17 18:46:03] PRS Inserted | PR Code: 6033 | Department: Information Technology | Added by: Jane Smith (requestor)
[2025-02-17 18:48:16] PRS Inserted | PR Code: 6034 | Department: College  | Added by: Jane Smith (requestor)
[2025-02-17 18:54:21] PRS updated successfully | PR Code: 6030 | Updated by: Jane Smith (requestor)
[2025-02-17 19:06:16] PRS updated successfully | PR Code: 6031 | Updated by: Jane Smith (requestor)
[2025-02-17 20:17:00] PRS updated successfully | PR Code: 6030 | Updated by: Jane Smith (requestor)
[2025-02-17 20:21:36] PRS Inserted | PR Code: 6031 | Department: Customer Service | Added by: Jane Smith (requestor)
[2025-02-17 20:21:36] PRS Inserted | PR Code: 6031 | Department: Customer Service | Added by: Jane Smith (requestor)
[2025-02-17 20:21:55] PRS Inserted | PR Code: 6032 | Department: Human Resources | Added by: Jane Smith (requestor)
[2025-02-17 20:22:31] PRS updated successfully | PR Code: 6032 | Updated by: Jane Smith (requestor)
[2025-02-17 20:24:12] PRS Inserted | PR Code: 6033 | Department: Customer Service | Added by: Jane Smith (requestor)
[2025-02-17 20:25:23] PRS updated successfully | PR Code: 6030 | Updated by: Jane Smith (requestor)
[2025-02-17 20:25:30] PRS updated successfully | PR Code: 6030 | Updated by: Jane Smith (requestor)
[2025-02-17 20:28:10] PRS updated successfully | PR Code: 6030 | Updated by: Jane Smith (requestor)
[2025-02-17 20:29:35] PRS Inserted | PR Code: 6034 | Department: Information Technology | Added by: Jane Smith (requestor)
[2025-02-17 20:30:47] PRS updated successfully | PR Code: 6034 | Updated by: Jane Smith (requestor)
[2025-02-17 20:30:54] PRS updated successfully | PR Code: 6034 | Updated by: Jane Smith (requestor)
[2025-02-17 20:41:30] PRS verified successfully | PR Code: 6030 | Verified by: Arisu Johnson (dept_head)
[2025-02-17 20:42:04] PRS verified successfully | PR Code: 6031 | Verified by: Arisu Johnson (dept_head)
[2025-02-17 20:53:53] PRS Inserted | PR Code: 6035 | Department: Customer Service | Added by: Jane Smith (requestor)
[2025-02-17 20:56:05] PRS verified successfully | PR Code: 6032 | Verified by: Arisu Johnson (dept_head)
[2025-02-17 20:56:29] PRS verified successfully | PR Code: 6033 | Verified by: Arisu Johnson (dept_head)
[2025-02-17 21:00:20] PRS Inserted | PR Code: 6036 | Department: Human Resources | Added by: Jane Smith (requestor)
[2025-02-17 21:05:36] PRS verified successfully | PR Code: 6034 | Verified by: Arisu Johnson (dept_head)
[2025-02-17 21:11:12] PRS verified successfully | PR Code: 6035 | Verified by: Arisu Johnson (dept_head)
[2025-02-17 21:12:57] PRS Inserted | PR Code: 6037 | Department: Information Technology | Added by: Jane Smith (requestor)
[2025-02-18 17:03:28] PRS Inserted | PR Code: 6038 | Department: Human Resources | Added by: Jane Smith (requestor)
[2025-02-18 17:04:13] PRS Inserted | PR Code: 6039 | Department: Human Resources | Added by: Jane Smith (requestor)
[2025-02-18 17:04:26] PRS Inserted | PR Code: 6040 | Department: Human Resources | Added by: Jane Smith (requestor)
[2025-02-18 17:09:38] PRS Inserted | PR Code: 6030 | Department: Human Resources | Added by: Jane Smith (requestor)
[2025-02-18 17:10:04] PRS Inserted | PR Code: 6031 | Department: Customer Service | Added by: Jane Smith (requestor)
[2025-02-18 17:13:53] PRS updated successfully | PR Code: 6030 | Updated by: Jane Smith (requestor)
[2025-02-18 17:14:02] PRS updated successfully | PR Code: 6030 | Updated by: Jane Smith (requestor)
[2025-02-18 17:14:19] PRS updated successfully | PR Code: 6031 | Updated by: Jane Smith (requestor)
[2025-02-18 17:14:54] PRS updated successfully | PR Code: 6031 | Updated by: Jane Smith (requestor)
[2025-02-18 17:15:33] PRS Inserted | PR Code: 6032 | Department: Customer Service | Added by: Jane Smith (requestor)
[2025-02-18 17:21:22] PRS Inserted | PR Code: 6033 | Department: Human Resources | Added by: Jane Smith (requestor)
[2025-02-18 17:23:45] PRS Inserted | PR Code: 6034 | Department: Customer Service | Added by: Jane Smith (requestor)
[2025-02-18 17:24:21] PRS Inserted | PR Code: 6035 | Department: Human Resources | Added by: Jane Smith (requestor)
[2025-02-18 17:26:50] PRS Inserted | PR Code: 6036 | Department: Maintenance | Added by: Jane Smith (requestor)
[2025-02-18 17:31:43] PRS Inserted | PR Code: 6037 | Department: Human Resources | Added by: Jane Smith (requestor)
[2025-02-18 17:37:16] PRS Inserted | PR Code: 6038 | Department: Human Resources | Added by: Jane Smith (requestor)
[2025-02-18 17:39:53] PRS Inserted | PR Code: 6039 | Department: College  | Added by: Jane Smith (requestor)
[2025-02-18 17:48:00] PRS Inserted | PR Code: 6040 | Department: Customer Service | Added by: Unknown (unknown_user)
[2025-02-18 17:53:23] PRS Inserted | PR Code: 6041 | Department: Customer Service | Added by: Jane Smith (requestor)
[2025-02-18 18:00:02] PRS Inserted | PR Code: 6042 | Department: Customer Service | Added by: Jane Smith (requestor)
[2025-02-18 18:05:30] PRS Inserted | PR Code: 6043 | Department: Customer Service | Added by: Jane Smith (requestor)
[2025-02-18 18:14:32] PRS Inserted | PR Code: 6044 | Department: Customer Service | Added by: Jane Smith (requestor)
[2025-02-18 18:21:46] PRS Inserted | PR Code: 6030 | Department: Human Resources | Added by: Jane Smith (requestor)
[2025-02-18 18:22:17] PRS Inserted | PR Code: 6031 | Department: Customer Service | Added by: Jane Smith (requestor)
[2025-02-18 18:23:24] PRS Inserted | PR Code: 6030 | Department: Customer Service | Added by: Jane Smith (requestor)
[2025-02-18 18:27:33] PRS Inserted | PR Code: 6031 | Department: Human Resources | Added by: Jane Smith (requestor)
[2025-02-18 18:28:27] PRS Inserted | PR Code: 6032 | Department: Customer Service | Added by: Jane Smith (requestor)
[2025-02-18 18:29:36] PRS Inserted | PR Code: 6033 | Department: Human Resources | Added by: Jane Smith (requestor)
[2025-02-18 18:31:10] PRS Inserted | PR Code: 6034 | Department: Customer Service | Added by: Jane Smith (requestor)
[2025-02-18 18:35:52] PRS Inserted | PR Code: 6035 | Department: Human Resources | Added by: Jane Smith (requestor)
[2025-02-18 18:36:26] PRS Inserted | PR Code: 6036 | Department: Customer Service | Added by: Jane Smith (requestor)
[2025-02-18 18:37:03] PRS Inserted | PR Code: 6037 | Department: Human Resources | Added by: Jane Smith (requestor)
[2025-02-18 18:39:30] PRS Inserted | PR Code: 6038 | Department: Human Resources | Added by: Jane Smith (requestor)
[2025-02-18 18:41:53] PRS Inserted | PR Code: 6039 | Department: College  | Added by: Jane Smith (requestor)
[2025-02-18 18:46:05] PRS Inserted | PR Code: 6030 | Department: Customer Service | Added by: Jane Smith (requestor)
[2025-02-18 18:47:41] PRS Inserted | PR Code: 6031 | Department: Human Resources | Added by: Jane Smith (requestor)
[2025-02-18 18:48:27] PRS Inserted | PR Code: 6032 | Department: Human Resources | Added by: Jane Smith (requestor)
[2025-02-18 18:49:50] PRS Inserted | PR Code: 6033 | Department: Customer Service | Added by: Jane Smith (requestor)
[2025-02-18 19:08:04] PRS Inserted | PR Code: 6034 | Department: Customer Service | Added by: Jane Smith (requestor)
[2025-02-18 19:09:17] PRS Inserted | PR Code: 6035 | Department: Human Resources | Added by: Jane Smith (requestor)
[2025-02-18 19:10:54] PRS Inserted | PR Code: 6036 | Department: Maintenance | Added by: Jane Smith (requestor)
[2025-02-18 19:11:15] PRS updated successfully | PR Code: 6036 | Updated by: Jane Smith (requestor)
[2025-02-18 19:11:23] PRS updated successfully | PR Code: 6036 | Updated by: Jane Smith (requestor)
[2025-02-18 19:15:05] PRS Inserted | PR Code: 6037 | Department: Human Resources | Added by: Jane Smith (requestor)
[2025-02-18 19:15:54] PRS Inserted | PR Code: 6038 | Department: Customer Service | Added by: Jane Smith (requestor)
[2025-02-18 19:16:15] PRS Inserted | PR Code: 6039 | Department: College  | Added by: Jane Smith (requestor)
[2025-02-18 19:17:00] PRS Inserted | PR Code: 6040 | Department: Human Resources | Added by: Jane Smith (requestor)
[2025-02-18 19:19:15] PRS Inserted | PR Code: 6041 | Department: Information Technology | Added by: Jane Smith (requestor)
[2025-02-18 19:21:48] PRS Inserted | PR Code: 6042 | Department: Customer Service | Added by: Jane Smith (requestor)
[2025-02-18 19:24:36] PRS Inserted | PR Code: 6043 | Department: Human Resources | Added by: Jane Smith (requestor)
[2025-02-18 19:24:39] PRS Inserted | PR Code: 6043 | Department: Human Resources | Added by: Jane Smith (requestor)
[2025-02-18 19:28:19] PRS Inserted | PR Code: 6044 | Department: Human Resources | Added by: Jane Smith (requestor)
[2025-02-18 19:29:12] PRS Inserted | PR Code: 6045 | Department: Human Resources | Added by: Jane Smith (requestor)
[2025-02-18 19:33:13] PRS Inserted | PR Code: 6046 | Department: Customer Service | Added by: Jane Smith (requestor)
[2025-02-18 19:34:16] PRS Inserted | PR Code: 6047 | Department: Human Resources | Added by: Jane Smith (requestor)
[2025-02-18 19:39:47] PRS Inserted | PR Code: 6030 | Department: Human Resources | Added by: Jane Smith (requestor)
[2025-02-18 19:42:17] PRS Inserted | PR Code: 6031 | Department: Customer Service | Added by: Jane Smith (requestor)
[2025-02-18 19:43:02] PRS Inserted | PR Code: 6032 | Department: Customer Service | Added by: Jane Smith (requestor)
[2025-02-18 19:44:40] PRS Inserted | PR Code: 6033 | Department: Customer Service | Added by: Jane Smith (requestor)
[2025-02-18 19:46:13] PRS Inserted | PR Code: 6034 | Department: Human Resources | Added by: Jane Smith (requestor)
[2025-02-18 19:46:47] PRS Inserted | PR Code: 6035 | Department: Customer Service | Added by: Jane Smith (requestor)
[2025-02-18 19:47:10] PRS Inserted | PR Code: 6036 | Department: Customer Service | Added by: Jane Smith (requestor)
[2025-02-18 19:55:20] PRS Inserted | PR Code: 6037 | Department: Human Resources | Added by: Jane Smith (requestor)
[2025-02-18 19:56:35] PRS Inserted | PR Code: 6038 | Department: Human Resources | Added by: Jane Smith (requestor)
[2025-02-18 19:57:12] PRS Inserted | PR Code: 6039 | Department: Customer Service | Added by: Jane Smith (requestor)
[2025-02-18 20:02:14] PRS Inserted | PR Code: 6040 | Department: Human Resources | Added by: Jane Smith (requestor)
[2025-02-18 20:13:10] PRS Inserted | PR Code: 6041 | Department: Human Resources | Added by: Jane Smith (requestor)
[2025-02-18 20:13:34] PRS Inserted | PR Code: 6042 | Department: Human Resources | Added by: Jane Smith (requestor)
[2025-02-18 20:16:00] PRS Inserted | PR Code: 6043 | Department: Human Resources | Added by: Jane Smith (requestor)
[2025-02-18 20:16:57] PRS Inserted | PR Code: 6044 | Department: Human Resources | Added by: Jane Smith (requestor)
[2025-02-18 20:17:17] PRS Inserted | PR Code: 6045 | Department: Human Resources | Added by: Jane Smith (requestor)
[2025-02-18 20:21:48] PRS Inserted | PR Code: 6029 | Department: Customer Service | Added by: Jane Smith (requestor)
[2025-02-18 22:33:38] PRS Inserted | PR Code: 6030 | Department: Customer Service | Added by: Jane Smith (requestor)
[2025-02-18 22:33:38] Item added successfully - Barcode: 100056, Particular: 24, Brand: 24, Category: I.T Supplies
[2025-02-18 22:33:38] Item deleted successfully - Barcode: 100056
[2025-02-18 22:33:38] Item Updated | Barcode: 100001 | Particular: Thermal Paste | Brand: Arctic | Category: I.T Supplies | Current Stock: 12
[2025-02-20 13:57:10] Item added successfully - Barcode: 100056, Particular: Mouse, Brand: YU, Category: I.T Supplies
[2025-02-20 13:57:42] Item deleted successfully - Barcode: 100055
[2025-02-20 13:57:45] Item deleted successfully - Barcode: 100054
[2025-02-20 13:58:20] Item Updated | Barcode: 100001 | Particular: Thermal Paste | Brand: Arctic | Category: I.T Supplies | Current Stock: 12
[2025-02-20 14:04:43] Item Updated | Barcode: 100001 | Particular: Thermal Paste | Brand: Arctic | Category: I.T Supplies | Current Stock: 12
[2025-02-20 14:21:11] Item Updated | Barcode: 100001 | Particular: Thermal Paste | Brand: Arctic | Category: I.T Supplies | Current Stock: 12
[2025-02-20 14:26:16] Item Updated | Barcode: 100001 | Particular: Thermal Paste | Brand: Arctic | Category: I.T Supplies | Current Stock: 12
[2025-02-20 14:36:36] Item Updated | Barcode: 100001 | Particular: Thermal Paste | Brand: Arctic | Category: I.T Supplies | Current Stock: 12
[2025-02-20 14:45:29] Item Updated | Barcode: 100001 | Particular: Thermal Paste | Brand: Arctic | Category: I.T Supplies | Current Stock: 12
[2025-02-20 14:46:40] Item Updated | Barcode: 100001 | Particular: Thermal Paste | Brand: Arctic | Category: I.T Supplies | Current Stock: 12
[2025-02-20 15:12:47] PRS verified successfully | PR Code: 6021 | Verified by: Arisu Johnson (dept_head)
[2025-02-20 15:13:30] PRS approved successfully | PR Code: 6021 | Approved by: Max Jones (approver)
[2025-02-20 16:14:07] PRS Inserted | PR Code: 6031 | Department: Customer Service | Added by: Jane Smith (requestor)
[2025-02-21 06:06:01] Supplier added successfully | Supplier Name: PC TECZH | Added by: Jessica Oliver (purchaser)
[2025-02-21 06:06:21] PRS Price updated successfully | PR Code: 6016 | Updated by: Jessica Oliver (purchaser)
[2025-02-21 06:21:40] Supplier updated successfully | Supplier ID: 15 | Supplier Name: 124124522 | Updated by: Jessica Oliver (purchaser)
[2025-02-21 14:35:01] Item deleted successfully - Barcode: 100053
[2025-04-01 10:31:18] User added successfully: 52352 | Username: 12312 | Position: Dept. Head | Added by: Godwin Santiago II (admin)
[2025-04-01 10:32:31] Item added successfully: Barcode: 100059 | Particular: 3525 | Brand: 42 | Added by: Godwin Santiago II (admin)
[2025-04-01 11:32:40] Item added successfully: Barcode: 100061 | Particular: 534 | Brand: 124 | Added by: Godwin Santiago II (admin)
[2025-04-01 11:25:45] Item deleted successfully: Barcode: 100060 | Deleted by: Godwin Santiago II (admin)
[2025-04-01 11:56:00] Item deleted successfully: Barcode: 100059 | Deleted by: Godwin Santiago II (admin)
[2025-04-01 17:00:01] Item added successfully: Barcode: 100036 | Particular: 32514 | Brand: 242 | Added by: Godwin Santiago II (admin)
[2025-04-01 17:02:02] Item added successfully: Barcode: 100037 | Particular: 242 | Brand: 532 | Added by: Godwin Santiago II (admin)
[2025-04-01 17:02:21] Item added successfully: Barcode: 100038 | Particular: asdasd | Brand: asdas | Added by: Godwin Santiago II (admin)
[2025-04-02 13:31:53] User added successfully: James August | Username: stockroom | Position: Stockroom | Added by: Godwin Santiago II (admin)
[2025-04-02 15:26:48] User added successfully: 62 | Username: 123 | Position: Stockroom | Added by: James August (stockroom)
[2025-04-02 15:28:09] User added successfully: 235235 | Username: 1 | Position: System Admin | Added by: 62 (123)
[2025-04-03 10:09:33] PRS Price updated successfully | PR Code: 6021 | Updated by: Jessica Oliver (purchaser)
[2025-04-03 12:27:40] Item added successfully: Barcode: 100039 | Particular: sample | Brand: sample | Quantity: 5 | Added by: 62 (123)
[2025-04-03 12:34:55] Item updated: Barcode: 100001 | Particular: Laptop Charger | Brand: Lenovo | Category: Consumables | Quantity: 10 | Updated by: 62 (123)
[2025-04-03 12:39:47] Item added successfully: Barcode: 100040 | Particular: 421 | Brand: 42  | Added by: 62 (123)
[2025-04-03 14:31:01] Item updated: Barcode: 100002 | Particular: A4 Bond Paper | Brand: Double A | Category: Consumables | Quantity: 23 | Updated by: 62 (123)
[2025-04-03 16:28:35] Item deleted successfully: Barcode: 100040 | Deleted by: 62 (123)
[2025-04-05 04:43:46] Equipment tagging added successfully: Equipment No: 8 | Location: Mechanical Laboratory | Date: 2025-04-05 | Added by: John Doe (custodian)
[2025-04-05 12:37:25] Item added successfully: Barcode: 100036 | Particular: sample  | Brand: brand  | Added by: James August (stockroom)
[2025-04-05 12:38:15] Item deleted successfully: Barcode: 100036 | Deleted by: James August (stockroom)
[2025-04-05 12:41:03] Item updated: Barcode: 100015 | Particular: Safety Gloves | Brand: 3M | Category: Consumables | Quantity: 15 | Updated by: James August (stockroom)
[2025-04-05 13:37:37] Equipment tagging added successfully: Equipment No: 9 | Location: College Faculty | Date: 2025-04-05 | Added by: John Doe (custodian)
[2025-04-05 13:39:42] PRS Inserted | PR Code: 6032 | Department: College  | Added by: Jane Smith (requestor)
[2025-04-05 13:52:17] PRS Inserted | PR Code: 6033 | Department: Customer Service | Added by: Jane Smith (requestor)
[2025-04-05 13:53:38] PRS verified successfully | PR Code: 6033 | Verified by: Arisu Johnson (dept_head)
[2025-04-05 14:08:53] Item updated: Barcode: 100003 | Particular: USB Flash Drive | Brand: SanDisk | Category: Consumables | Quantity: 15 | Updated by: James August (stockroom)
[2025-04-05 14:55:15] PRS verified successfully | PR Code: 6032 | Verified by: Arisu Johnson (dept_head)
[2025-04-05 15:07:49] PRS approved successfully | PR Code: 6019 | Approved by: Max Jones (approver)
[2025-04-05 16:06:19] PRS Inserted | PR Code: PR-2025-0001 | Department: College  | Added by: Jane Smith (requestor)
[2025-04-05 16:16:51] PRS Inserted | PR Code: 6035 | Department: Customer Service | Added by: Jane Smith (requestor)
[2025-04-05 19:44:48] PRS Inserted | PR Code: 6036 | Department: Human Resources | Added by: Jane Smith (requestor)
[2025-04-05 19:48:55] PRS Inserted | PR Code: 6037 | Department: Customer Service | Added by: Jane Smith (requestor)
[2025-04-05 19:49:28] PRS Inserted | PR Code: 6038 | Department: Customer Service | Added by: Jane Smith (requestor)
[2025-04-05 20:05:51] PRS Inserted | PR Code: 6039 | Department: Information Technology | Added by: Jane Smith (requestor)
[2025-04-07 13:39:32] PRS Inserted | PR Code: 6040 | Department: College Department | Added by: Jane Smith (requestor)
[2025-04-07 13:42:52] PRS Inserted | PR Code: 6041 | Department: College Department | Added by: Jane Smith (requestor)
[2025-04-07 13:43:53] PRS Inserted | PR Code: 6042 | Department: College Department | Added by: Jane Smith (requestor)
[2025-04-07 14:39:30] PRS Inserted | PR Code: 6043 | Department: College Department | Added by: Jane Smith (requestor)
[2025-04-07 14:40:02] PRS Inserted | PR Code: 6044 | Department: College Department | Added by: Jane Smith (requestor)
[2025-04-07 14:57:06] PRS Inserted | PR Code: 6045 | Department: College Department | Added by: Jane Smith (requestor)
[2025-04-07 14:58:38] PRS Inserted | PR Code: 6046 | Department: College Department | Added by: Jane Smith (requestor)
[2025-04-07 14:59:52] PRS Inserted | PR Code: 6047 | Department: College Department | Added by: Jane Smith (requestor)
[2025-04-07 15:11:38] PRS Inserted | PR Code: 6048 | Department: College Department | Added by: Jane Smith (requestor)
[2025-04-07 15:28:13] PRS Inserted | PR Code: 6049 | Department: College Department | Added by: Jane Smith (requestor)
[2025-04-07 15:28:57] PRS Inserted | PR Code: 6050 | Department: College Department | Added by: Jane Smith (requestor)
[2025-04-07 15:38:24] PRS Inserted | PR Code: 6051 | Department: College Department | Added by: Jane Smith (requestor)
[2025-04-07 15:42:04] PRS Inserted | PR Code: 6052 | Department: College Department | Added by: Jane Smith (requestor)
[2025-04-07 15:45:14] PRS Inserted | PR Code: 6053 | Department: College Department | Added by: Jane Smith (requestor)
[2025-04-07 15:46:01] PRS Inserted | PR Code: 6054 | Department: College Department | Added by: Jane Smith (requestor)
[2025-04-07 15:53:15] PRS Inserted | PR Code: 1 | Department: College Department | Added by: Jane Smith (requestor)
[2025-04-07 15:55:30] PRS Inserted | PR Code: 2025002 | Department: College Department | Added by: Jane Smith (requestor)
[2025-04-07 16:14:56] PRS verified successfully | PR Code: 2025001 | Verified by: Arisu Johnson (dept_head)
[2025-04-07 16:15:27] PRS approved successfully | PR Code: 2025001 | Approved by: Max Jones (approver)
[2025-04-08 11:49:52] Supplier updated successfully | Supplier ID: 4 | Supplier Name: Electro World | Status: Inactive | Updated by: Jessica Oliver (purchaser)
[2025-04-08 11:50:03] Supplier updated successfully | Supplier ID: 4 | Supplier Name: Electro World | Status: Active | Updated by: Jessica Oliver (purchaser)
[2025-04-08 11:52:54] Supplier updated successfully | Supplier ID: 4 | Supplier Name: Electro World | Status: Inactive | Updated by: Jessica Oliver (purchaser)
Item ID Received: 436Item ID Received: 440Item ID Received: 2012006Item ID Received: 1021002Item Barcode Received: 1021002Item Barcode Received: 2012006Item Barcode Received: 2012006Item Barcode Received: 1021002Item Barcode Received: 1021002Item Barcode Received: 2012006[2025-04-08 14:49:21] PRS Price updated successfully | PR Code: 2025001 | Updated by: Jessica Oliver (purchaser)
[2025-04-08 18:16:04] PRS Price updated successfully | PR Code: 2025001 | Updated by: Jessica Oliver (purchaser)
[2025-04-08 18:16:15] PRS Price updated successfully | PR Code: 2025001 | Updated by: Jessica Oliver (purchaser)
[2025-04-08 18:57:10] PRS Price updated successfully | PR Code: 2025001 | Updated by: Jessica Oliver (purchaser)
[2025-04-08 18:57:35] PRS Price updated successfully | PR Code: 2025001 | Updated by: Jessica Oliver (purchaser)
[2025-04-08 20:31:17] PRS Price updated successfully | PR Code: 2025001 | Updated by: Jessica Oliver (purchaser)
[2025-04-08 20:33:29] PRS Price updated successfully | PR Code: 2025001 | Updated by: Jessica Oliver (purchaser)
[2025-04-08 20:42:40] PRS Price updated successfully | PR Code: 2025001 | Updated by: Jessica Oliver (purchaser)
[2025-04-08 20:46:47] PRS Price updated successfully | PR Code: 2025001 | Updated by: Jessica Oliver (purchaser)
[2025-04-08 20:55:29] PRS Price updated successfully | PR Code: 2025001 | Updated by: Jessica Oliver (purchaser)
[2025-04-08 21:00:35] PRS Price updated successfully | PR Code: 2025001 | Updated by: Jessica Oliver (purchaser)
[2025-04-08 21:03:46] PRS Price updated successfully | PR Code:  | Updated by: Jessica Oliver (purchaser)
[2025-04-08 21:04:13] PRS Price updated successfully | PR Code: 2025001 | Updated by: Jessica Oliver (purchaser)
[2025-04-10 14:40:26] PRS verified successfully | PR Code: 2025002 | Verified by: Arisu Johnson (dept_head)
[2025-04-10 14:50:15] PRS approved successfully | PR Code: 2025002 | Approved by: Max Jones (approver)
[2025-04-10 14:51:03] PRS Price updated successfully | PR Code: 2025002 | Updated by: Jessica Oliver (purchaser)
[2025-04-10 14:53:00] PRS Inserted | PR Code: 2025003 | Department: College Department | Added by: Jane Smith (requestor)
[2025-04-10 14:53:18] PRS verified successfully | PR Code: 2025003 | Verified by: Arisu Johnson (dept_head)
[2025-04-10 14:53:34] PRS approved successfully | PR Code: 2025003 | Approved by: Max Jones (approver)
[2025-04-10 17:55:34] PRS Price updated successfully | PR Code: 2025003 | Updated by: Jessica Oliver (purchaser)
[2025-04-10 18:06:12] PRS Inserted | PR Code: 2025004 | Department: College Department | Added by: Jane Smith (requestor)
[2025-04-10 18:06:38] PRS verified successfully | PR Code: 2025004 | Verified by: Arisu Johnson (dept_head)
[2025-04-10 18:06:56] PRS approved successfully | PR Code: 2025004 | Approved by: Max Jones (approver)
[2025-04-11 23:24:28] Item added successfully: Barcode: 4054021 | Particular: 421 | Brand: 142  | Added by: James August (stockroom)
[2025-04-11 23:26:31] Item updated: Barcode: 4054021 | Particular: 421 | Brand: 142 | Category: 202 | Quantity: 412 | Updated by: James August (stockroom)
[2025-04-11 23:28:16] Item updated: Barcode: 4054021 | Particular: 421 | Brand: 142 | Category: 205 | Quantity: 412 | Updated by: James August (stockroom)
[2025-04-11 23:30:47] Item updated: Barcode: 4054021 | Particular: 421 | Brand: 142 | Category: 203 | Quantity: 412 | Updated by: James August (stockroom)
[2025-04-11 23:30:57] Item updated: Barcode: 4054021 | Particular: 421 | Brand: 142 | Category: 105 | Quantity: 412 | Updated by: James August (stockroom)
[2025-04-11 23:31:13] Item added successfully: Barcode: 4054022 | Particular: asdasd | Brand: sadd  | Added by: James August (stockroom)
[2025-04-11 23:34:45] Item updated: Barcode: 4054022 | Particular: asdasd | Brand: sadd | Category: 203 | Quantity: 1 | Updated by: James August (stockroom)
[2025-04-11 23:35:14] Item deleted successfully: Barcode: 4054022 | Deleted by: James August (stockroom)
[2025-04-11 23:37:50] Item deleted successfully: Barcode: 4054021 | Deleted by: James August (stockroom)
[2025-04-12 10:59:38] Item updated: Barcode: 2022027 | Particular: Laser Printer | Brand: Brother | Category: 202 | Quantity: 0 | Updated by: James August (stockroom)
[2025-04-12 11:01:02] PRS Price updated successfully | PR Code: 2025004 | Updated by: Jessica Oliver (purchaser)
[2025-04-12 11:25:48] Item updated: Barcode: 2052030 | Particular: Electrical Contactor | Brand: Siemens | Category: 205 | Quantity: 10 | Updated by: James August (stockroom)
[2025-04-12 12:01:58] PRS Inserted | PR Code: 2025005 | Department: College Department | Added by: Jane Smith (requestor)
[2025-04-12 12:02:39] PRS Inserted | PR Code: 2025006 | Department: College Department | Added by: Jane Smith (requestor)
[2025-04-12 12:03:58] PRS verified successfully | PR Code: 2025005 | Verified by: Arisu Johnson (dept_head)
[2025-04-12 12:04:37] PRS approved successfully | PR Code: 2025005 | Approved by: Max Jones (approver)
[2025-04-12 12:05:14] PRS Inserted | PR Code: 2025006 | Department: College Department | Added by: Jane Smith (requestor)
[2025-04-12 12:27:49] PRS verified successfully | PR Code: 2025006 | Verified by: Arisu Johnson (dept_head)
[2025-04-12 12:27:58] PRS approved successfully | PR Code: 2025006 | Approved by: Max Jones (approver)
[2025-04-12 12:29:01] PRS Inserted | PR Code: 2025007 | Department: College Department | Added by: Jane Smith (requestor)
[2025-04-12 13:09:03] PRS Inserted | PR Code: 2025008 | Department: College Department | Added by: Jane Smith (requestor)
[2025-04-12 13:16:17] PRS verified successfully | PR Code: 2025008 | Verified by: Arisu Johnson (dept_head)
[2025-04-12 13:18:35] PRS approved successfully | PR Code: 2025008 | Approved by: Max Jones (approver)
[2025-04-12 13:24:03] PRS Price updated successfully | PR Code: 2025008 | Updated by: Jessica Oliver (purchaser)
[2025-04-12 18:06:56] PRS verified successfully | PR Code: 2025007 | Verified by: Arisu Johnson (dept_head)
[2025-04-12 18:07:08] PRS verified successfully | PR Code: 2025007 | Verified by: Arisu Johnson (dept_head)
[2025-04-12 18:07:42] PRS Inserted | PR Code: 2025009 | Department: College Department | Added by: Jane Smith (requestor)
[2025-04-12 18:07:51] PRS verified successfully | PR Code: 2025009 | Verified by: Arisu Johnson (dept_head)
[2025-04-12 18:08:02] PRS verified successfully | PR Code: 2025009 | Verified by: Arisu Johnson (dept_head)
[2025-04-12 18:09:25] PRS verified successfully | PR Code: 2025007 | Verified by: Arisu Johnson (dept_head)
[2025-04-12 18:13:15] PRS Inserted | PR Code: 2025010 | Department: College Department | Added by: Jane Smith (requestor)
[2025-04-12 18:15:14] PRS verified successfully | PR Code: 2025010 | Verified by: Arisu Johnson (dept_head)
[2025-04-13 18:16:14] PRS updated successfully | PR Code: 2025007 | Updated by: Jane Smith (requestor)
[2025-04-13 19:47:45] PRS updated successfully | PR Code: 2025007 | Updated by: Jane Smith (requestor)
[2025-04-13 19:52:34] PRS updated successfully | PR Code: 2025005 | Updated by: Jane Smith (requestor)
[2025-04-13 20:02:10] PRS Inserted | PR Code: 2025011 | Department: College Department | Added by: Jane Smith (requestor)
[2025-04-13 20:02:40] PRS Inserted | PR Code: 2025012 | Department: College Department | Added by: Jane Smith (requestor)
[2025-04-13 20:42:34] PRS Inserted | PR Code: 2025013 | Department: College Department | Unit ID: 102 | Added by: Jane Smith (requestor)
[2025-04-13 20:48:32] PRS updated successfully | PR Code: 2025011 | Updated by: Jane Smith (requestor)
[2025-04-13 20:48:32] PRS updated successfully | PR Code: 2025011 | Updated by: Jane Smith (requestor)
[2025-04-13 20:51:05] PRS updated successfully | PR Code: 2025011 | Updated by: Jane Smith (requestor)
[2025-04-13 20:51:54] PRS updated successfully | PR Code: 2025011 | Updated by: Jane Smith (requestor)
[2025-04-13 20:54:32] PRS updated successfully | PR Code: 2025011 | Updated by: Jane Smith (requestor)
[2025-04-13 20:56:23] PRS updated successfully | PR Code: 2025011 | Updated by: Jane Smith (requestor)
[2025-04-13 20:57:03] PRS updated successfully | PR Code: 2025011 | Updated by: Jane Smith (requestor)
[2025-04-13 20:57:15] PRS updated successfully | PR Code: 2025011 | Updated by: Jane Smith (requestor)
[2025-04-13 20:57:38] PRS updated successfully | PR Code: 2025011 | Updated by: Jane Smith (requestor)
[2025-04-13 20:57:52] PRS updated successfully | PR Code: 2025011 | Updated by: Jane Smith (requestor)
[2025-04-13 20:59:28] PRS updated successfully | PR Code: 2025011 | Updated by: Jane Smith (requestor)
[2025-04-13 21:01:30] PRS updated successfully | PR Code: 2025011 | Updated by: Jane Smith (requestor)
[2025-04-13 21:31:32] PRS updated successfully | PR Code: 2025011 | Updated by: Jane Smith (requestor)
[2025-04-13 21:31:48] PRS updated successfully | PR Code: 2025011 | Updated by: Jane Smith (requestor)
[2025-04-13 21:33:40] PRS updated successfully | PR Code: 2025011 | Updated by: Jane Smith (requestor)
[2025-04-13 21:41:44] PRS updated successfully | PR Code: 2025011 | Updated by: Jane Smith (requestor)
[2025-04-13 21:42:47] PRS updated successfully | PR Code: 2025011 | Updated by: Jane Smith (requestor)
[2025-04-13 21:43:33] PRS updated successfully | PR Code: 2025011 | Updated by: Jane Smith (requestor)
[2025-04-13 22:05:33] PRS updated successfully | PR Code: 2025011 | Updated by: Jane Smith (requestor)
[2025-04-13 22:05:42] PRS updated successfully | PR Code: 2025011 | Updated by: Jane Smith (requestor)
[2025-04-13 22:06:28] PRS Inserted | PR Code: 2025014 | Department: College Department | Unit ID: 104 | Added by: Jane Smith (requestor)
[2025-04-13 23:08:54] PRS verified successfully | PR Code: 2025009 | Verified by: Arisu Johnson (dept_head)
[2025-04-13 23:09:56] PRS verified successfully | PR Code: 2025009 | Verified by: Arisu Johnson (dept_head)
[2025-04-13 23:10:59] PRS verified successfully | PR Code: 2025009 | Verified by: Arisu Johnson (dept_head)
[2025-04-13 23:29:49] PRS verified successfully | PR Code: 2025009 | Verified by: Arisu Johnson (dept_head)
[2025-04-13 23:30:41] PRS verified successfully | PR Code: 2025009 | Verified by: Arisu Johnson (dept_head)
[2025-04-13 23:31:12] PRS verified successfully | PR Code: 2025009 | Verified by: Arisu Johnson (dept_head)
[2025-04-14 09:40:02] PRS verified successfully | PR Code: 2025009 | Verified by: Arisu Johnson (dept_head)
[2025-04-14 09:48:47] PRS verified successfully | PR Code: 2025009 | Verified by: Arisu Johnson (dept_head)
[2025-04-14 09:49:00] PRS approved successfully | PR Code: 2025009 | Approved by: Max Jones (approver)
[2025-04-14 09:55:15] PRS verified successfully | PR Code: 2025009 | Verified by: Arisu Johnson (dept_head)
[2025-04-14 09:55:25] PRS verified successfully | PR Code: 2025009 | Verified by: Arisu Johnson (dept_head)
[2025-04-14 09:55:32] PRS approved successfully | PR Code: 2025009 | Approved by: Max Jones (approver)
[2025-04-14 09:58:31] PRS verified successfully | PR Code: 2025009 | Verified by: Arisu Johnson (dept_head)
[2025-04-14 09:58:57] PRS approved successfully | PR Code: 2025009 | Approved by: Max Jones (approver)
[2025-04-14 10:00:47] PRS approved successfully | PR Code: 2025009 | Approved by: Max Jones (approver)
[2025-04-14 10:01:28] PRS approved successfully | PR Code: 2025007 | Approved by: Max Jones (approver)
[2025-04-14 10:04:48] PRS verified successfully | PR Code: 2025009 | Verified by: Arisu Johnson (dept_head)
[2025-04-14 10:05:17] PRS verified successfully | PR Code: 2025009 | Verified by: Arisu Johnson (dept_head)
[2025-04-14 10:07:17] PRS verified successfully | PR Code: 2025009 | Verified by: Arisu Johnson (dept_head)
[2025-04-14 10:09:48] PRS verified successfully | PR Code: 2025009 | Verified by: Arisu Johnson (dept_head)
[2025-04-14 10:10:18] PRS approved successfully | PR Code: 2025009 | Approved by: Max Jones (approver)
[2025-04-14 10:12:23] PRS verified successfully | PR Code: 2025011 | Verified by: Arisu Johnson (dept_head)
[2025-04-14 10:27:03] PRS verified successfully | PR Code: 2025009 | Verified by: Arisu Johnson (dept_head)
[2025-04-14 10:30:09] PRS verified successfully | PR Code: 2025009 | Verified by: Arisu Johnson (dept_head)
[2025-04-14 10:30:13] PRS verified successfully | PR Code: 2025010 | Verified by: Arisu Johnson (dept_head)
[2025-04-14 10:37:28] PRS verified successfully | PR Code: 2025009 | Verified by: Arisu Johnson (dept_head)
[2025-04-14 10:38:49] PRS verified successfully | PR Code: 2025010 | Verified by: Arisu Johnson (dept_head)
[2025-04-14 10:47:01] PRS verified successfully | PR Code: 2025009 | Verified by: Arisu Johnson (dept_head)
[2025-04-14 11:30:22] PRS approved successfully | PR Code: 2025011 | Approved by: Max Jones (approver)
[2025-04-14 11:31:09] PRS verified successfully | PR Code: 2025009 | Verified by: Arisu Johnson (dept_head)
[2025-04-14 11:31:18] PRS approved successfully | PR Code: 2025009 | Approved by: Max Jones (approver)
[2025-04-14 11:39:21] PRS verified successfully | PR Code: 2025001 | Verified by: Arisu Johnson (dept_head)
[2025-04-14 11:41:07] PRS verified successfully | PR Code: 2025001 | Verified by: Arisu Johnson (dept_head)
[2025-04-14 11:45:55] PRS verified successfully | PR Code: 2025001 | Verified by: Arisu Johnson (dept_head)
[2025-04-14 11:47:48] PRS verified successfully | PR Code: 2025001 | Verified by: Arisu Johnson (dept_head)
[2025-04-14 11:54:03] PRS verified successfully | PR Code: 2025001 | Verified by: Arisu Johnson (dept_head)
[2025-04-14 14:33:32] PRS verified successfully | PR Code: 2025014 | Verified by: Arisu Johnson (dept_head)
[2025-04-14 14:34:17] PRS verified successfully | PR Code: 2025013 | Verified by: Arisu Johnson (dept_head)
[2025-04-14 14:41:11] PRS verified successfully | PR Code: 2025013 | Verified by: Arisu Johnson (dept_head)
[2025-04-14 14:41:29] PRS verified successfully | PR Code: 2025012 | Verified by: Arisu Johnson (dept_head)
[2025-04-14 14:54:32] PRS verified successfully | PR Code: 2025012 | Verified by: Arisu Johnson (dept_head)
[2025-04-14 15:06:57] PRS verified successfully | PR Code: 2025010 | Verified by: Arisu Johnson (dept_head)
[2025-04-14 15:29:06] PRS verified successfully | PR Code: 2025001 | Verified by: Arisu Johnson (dept_head)
[2025-04-14 15:29:11] PRS approved successfully | PR Code: 2025001 | Approved by: Max Jones (approver)
[2025-04-14 15:51:09] PRS verified successfully | PR Code: 2025014 | Verified by: Arisu Johnson (dept_head)
[2025-04-14 16:45:36] PRS approved successfully | PR Code: 2025005 | Approved by: Max Jones (approver)
[2025-04-14 21:23:11] PRS Price updated successfully | PR Code: 2025001 | Updated by: Jessica Oliver (purchaser)
[2025-04-14 21:23:34] PRS Price updated successfully | PR Code: 2025001 | Updated by: Jessica Oliver (purchaser)
[2025-04-14 21:24:11] PRS Price updated successfully | PR Code: 2025001 | Updated by: Jessica Oliver (purchaser)
[2025-04-14 21:38:16] PRS Price updated successfully | PR Code: 2025001 | Updated by: Jessica Oliver (purchaser)
[2025-04-14 21:43:09] PRS Price updated successfully | PR Code: 2025001 | Updated by: Jessica Oliver (purchaser)
[2025-04-14 21:47:13] PRS Price updated successfully | PR Code: 2025001 | Updated by: Jessica Oliver (purchaser)
[2025-04-14 21:47:38] PRS Price updated successfully | PR Code: 2025001 | Updated by: Jessica Oliver (purchaser)
[2025-04-14 21:47:47] PRS Price updated successfully | PR Code: 2025001 | Updated by: Jessica Oliver (purchaser)
[2025-04-15 10:43:06] Item updated: Barcode: 2022027 | Particular: Laser Printer | Brand: Brother | Category: 202 | Quantity: 10 | Updated by: James August (stockroom)
[2025-04-15 11:07:06] Item updated: Barcode: 4054020 | Particular: Solder Wire (Roll) | Brand: Kester | Category: 405 | Quantity: 0 | Updated by: James August (stockroom)
[2025-04-15 11:08:55] Item updated: Barcode: 4044019 | Particular: Cutting Oil (1L) | Brand: Mobil | Category: 404 | Quantity: 0 | Updated by: James August (stockroom)
[2025-04-15 13:50:22] PRS Inserted | PR Code: 2025015 | Department: College Department | Unit ID: 102 | Added by: Jane Smith (requestor)
[2025-04-15 13:50:38] PRS verified successfully | PR Code: 2025015 | Verified by: Arisu Johnson (dept_head)
[2025-04-15 13:51:06] PRS approved successfully | PR Code: 2025015 | Approved by: Max Jones (approver)
[2025-04-15 13:52:07] PRS Price updated successfully | PR Code: 2025015 | Updated by: Jessica Oliver (purchaser)
[2025-04-16 17:06:02] Equipment tagging added: EqNo: 1 | Location: College Faculty | Date: 2025-04-16 | By: John Doe (custodian)
[2025-04-16 17:09:31] Equipment tagging added: EqNo: 2 | Location: Electromechanical Laboratory | Date: 2025-04-16 | By: John Doe (custodian)
[2025-04-16 18:20:43] Equipment tagging added: EqNo: 5000 | Location: Electromechanical Laboratory | Date: 2025-04-16 | By: John Doe (custodian)
[2025-04-16 21:10:29] Equipment tagging added: EqNo: 5003 | Location: Faculty Office | Department: College Department | Date: 2025-04-16 | By: John Doe (custodian)
[2025-04-16 21:35:35] Equipment tagging added: EqNo: 5004 | Location: Faculty Office | Department: College Department | Date: 2025-04-16 | By: John Doe (custodian)
[2025-04-16 22:39:01] Equipment tagging added: EqNo: 5005 | Location: Faculty Office | Department: College Department | Date: 2025-04-16 | By: John Doe (custodian)
[2025-04-16 23:15:23] Equipment tagging added: EqNo: 5006 | Location: Faculty Office | Department: College Department | Date: 2025-04-16 | By: John Doe (custodian)
[2025-04-17 09:43:01] Equipment tagging added: EqNo: 5007 | Location: Faculty Office | Department: College Department | Date: 2025-04-17 | By: John Doe (custodian)
[2025-04-17 09:43:16] Equipment tagging added: EqNo: 5008 | Location: Faculty Office | Department: College Department | Date: 2025-04-17 | By: John Doe (custodian)
[2025-04-17 10:24:59] Bulk Equipment tagging added: Location: Faculty Office | Department: College Department | Date: 2025-04-17 | By: John Doe (custodian)
[2025-04-17 15:07:01] Bulk Equipment tagging added: Location: Faculty Office | Department: College Department | Date: 2025-04-17 | By: John Doe (custodian)
[2025-04-17 15:19:41] Bulk Equipment tagging added: Location: Faculty Office | Department: College Department | Date: 2025-04-17 | By: John Doe (custodian)
[2025-04-17 19:48:49] Bulk Equipment tagging added: Location: Faculty Office | Department: College Department | Date: 2025-04-17 | By: John Doe (custodian)
[2025-04-21 12:52:01] PRS Inserted | PR Code: 2025016 | Department: College Department | Unit ID: 101 | Added by: Jane Smith (requestor)
[2025-04-21 13:01:30] PRS verified successfully | PR Code: 2025016 | Verified by: Arisu Johnson (dept_head)
[2025-04-21 13:03:59] PRS approved successfully | PR Code: 2025016 | Approved by: Max Jones (approver)
[2025-04-21 13:21:24] PRS approved successfully | PR Code: 2025016 | Approved by: Max Jones (approver)
[2025-04-21 13:31:26] PRS Price updated successfully | PR Code: 2025016 | Updated by: Jessica Oliver (purchaser)
[2025-04-21 14:40:07] PRS verified successfully | PR Code: 2025014 | Verified by: Arisu Johnson (dept_head)
[2025-04-21 14:40:19] PRS approved successfully | PR Code: 2025014 | Approved by: Max Jones (approver)
[2025-04-21 14:40:47] PRS Price updated successfully | PR Code: 2025014 | Updated by: Jessica Oliver (purchaser)
[2025-04-21 19:48:45] PRS verified successfully | PR Code: 2025013 | Verified by: Arisu Johnson (dept_head)
[2025-04-21 19:49:08] PRS approved successfully | PR Code: 2025013 | Approved by: Max Jones (approver)
[2025-04-21 19:49:33] PRS Price updated successfully | PR Code: 2025013 | Updated by: Jessica Oliver (purchaser)
[2025-04-21 19:51:26] Bulk Equipment tagging added: Location: IT Lab | Department: College Department | Date: 2025-04-21 | By: John Doe (custodian)
[2025-04-21 21:53:22] PRS verified successfully | PR Code: 2025009 | Verified by: Arisu Johnson (dept_head)
[2025-04-22 09:56:34] PRS verified successfully | PR Code: 2025010 | Verified by: Arisu Johnson (dept_head)
[2025-04-22 09:57:10] PRS approved successfully | PR Code: 2025010 | Approved by: Max Jones (approver)
[2025-04-22 09:57:15] PRS approved successfully | PR Code: 2025010 | Approved by: Max Jones (approver)
[2025-04-22 10:01:20] PRS Inserted | PR Code: 2025017 | Department: College Department | Unit ID: 102 | Added by: Jane Smith (requestor)
[2025-04-22 10:01:36] PRS verified successfully | PR Code: 2025017 | Verified by: Arisu Johnson (dept_head)
[2025-04-22 10:04:58] PRS approved successfully | PR Code: 2025010 | Approved by: Max Jones (approver)
[2025-04-22 10:05:27] PRS approved successfully | PR Code: 2025017 | Approved by: Max Jones (approver)
[2025-04-22 10:11:55] PRS verified successfully | PR Code: 2025012 | Verified by: Arisu Johnson (dept_head)
[2025-04-22 11:46:36] PRS approved successfully | PR Code: 2025012 | Approved by: Max Jones (approver)
[2025-04-22 12:48:18] Supplier updated successfully | Supplier ID: 4 | Supplier Name: Electro World | Status: Active | Updated by: Jessica Oliver (purchaser)
[2025-04-22 12:52:34] Supplier updated successfully | Supplier ID: 4 | Supplier Name: Electro World | Status: Inactive | Updated by: Jessica Oliver (purchaser)
[2025-04-22 16:56:29] Item added successfully: Barcode: 4054021 | Particular: Copper Wire | Brand: Royu  | Added by: James August (stockroom)
[2025-04-24 09:08:09] User added successfully: Miguel A. Garcia | Username: sample  | Position: Purchaser | Added by: Godwin Santiago II (admin)
[2025-04-24 09:13:48] User added successfully: Antonio C. Reyes | Username: user21 | Position: Requestor | Added by: Godwin Santiago II (admin)
[2025-04-24 09:30:47] PRS Inserted | PR Code: 2025018 | Department: College Department | Unit ID: 101 | Added by: Antonio C. Reyes (user21)
[2025-04-24 09:31:34] PRS verified successfully | PR Code: 2025018 | Verified by: Arisu Johnson (dept_head)
[2025-04-24 09:40:03] PRS approved successfully | PR Code: 2025018 | Approved by: Max Jones (approver)
[2025-04-24 10:43:19] PRS Inserted | PR Code: 2025019 | Department: College Department | Unit ID: 101 | Added by: Jane Smith (requestor)
[2025-04-24 10:44:17] PRS Inserted | PR Code: 2025019 | Department: College Department | Unit ID: 101 | Added by: Jane Smith (requestor)
[2025-04-24 10:53:21] PRS Inserted | PR Code: 2025019 | Department: College Department | Unit ID: 101 | Added by: Jane Smith (requestor)
[2025-04-24 11:02:53] PRS Inserted | PR Code: 2025020 | Department: College Department | Unit ID: 101 | Added by: Jane Smith (requestor)
[2025-04-24 11:06:20] PRS Inserted | PR Code: 2025021 | Department: College Department | Unit ID: 101 | Added by: Jane Smith (requestor)
[2025-04-24 11:37:44] PRS Inserted | PR Code: 2025022 | Department: College Department | Unit ID: 101 | Added by: Jane Smith (requestor)
[2025-04-24 11:47:20] PRS Inserted | PR Code: 2025023 | Department: College Department | Unit ID: 101 | Added by: Jane Smith (requestor)
[2025-04-24 11:49:20] PRS Inserted | PR Code: 2025024 | Department: College Department | Unit ID: 101 | Added by: Jane Smith (requestor)
[2025-04-24 11:50:14] PRS verified successfully | PR Code: 2025024 | Verified by: Arisu Johnson (dept_head)
[2025-04-24 11:50:27] PRS approved successfully | PR Code: 2025024 | Approved by: Max Jones (approver)
[2025-04-24 15:18:33] PRS Inserted | PR Code: 2025025 | Department: College Department | Unit ID: 101 | Added by: Jane Smith (requestor)
[2025-04-24 15:44:25] PRS Inserted | PR Code: 2025026 | Department: College Department | Unit ID: 101 | Added by: Jane Smith (requestor)
[2025-04-24 15:44:51] PRS verified successfully | PR Code: 2025026 | Verified by: Arisu Johnson (dept_head)
[2025-04-24 15:45:10] PRS approved successfully | PR Code: 2025026 | Approved by: Max Jones (approver)
[2025-04-24 15:54:18] PRS Inserted | PR Code: 2025027 | Department: College Department | Unit ID: 101 | Added by: Jane Smith (requestor)
[2025-04-24 15:57:55] PRS Inserted | PR Code: 2025028 | Department: College Department | Unit ID: 101 | Added by: Jane Smith (requestor)
[2025-04-24 16:01:02] PRS Inserted | PR Code: 2025029 | Department: College Department | Unit ID: 101 | Added by: Jane Smith (requestor)
[2025-04-24 16:03:10] PRS Inserted | PR Code: 2025030 | Department: College Department | Unit ID: 101 | Added by: Jane Smith (requestor)
[2025-04-24 16:06:23] PRS Inserted | PR Code: 2025031 | Department: College Department | Unit ID: 101 | Added by: Jane Smith (requestor)
[2025-04-24 16:08:32] PRS Inserted | PR Code: 2025032 | Department: College Department | Unit ID: 101 | Added by: Jane Smith (requestor)
[2025-04-24 16:12:20] PRS Inserted | PR Code: 2025033 | Department: College Department | Unit ID: 101 | Added by: Jane Smith (requestor)
[2025-04-24 16:16:30] PRS Inserted | PR Code: 2025034 | Department: College Department | Unit ID: 101 | Added by: Jane Smith (requestor)
[2025-04-24 16:17:19] PRS Inserted | PR Code: 2025035 | Department: College Department | Unit ID: 101 | Added by: Jane Smith (requestor)
[2025-04-24 16:17:48] PRS verified successfully | PR Code: 2025035 | Verified by: Arisu Johnson (dept_head)
[2025-04-24 16:18:15] PRS approved successfully | PR Code: 2025035 | Approved by: Max Jones (approver)
[2025-04-24 16:19:00] PRS updated | PR Code: 2025035 | Updated by: Jessica Oliver (purchaser)
[2025-04-24 16:55:55] PRS Inserted | PR Code: 2025018 | Department: College Department | Unit ID: 101 | Added by: Antonio C. Reyes (user21)
[2025-04-24 17:04:56] PRS verified successfully | PR Code: 2025018 | Verified by: Arisu Johnson (dept_head)
[2025-04-24 17:05:07] PRS approved successfully | PR Code: 2025018 | Approved by: Max Jones (approver)
[2025-04-24 20:13:35] PRS updated | PR Code: 2025018 | Updated by: Jessica Oliver (purchaser)
[2025-04-24 20:18:50] PRS Inserted | PR Code: 2025019 | Department: College Department | Unit ID: 103 | Added by: Antonio C. Reyes (user21)
[2025-04-25 10:01:51] PRS Inserted | PR Code: 2025020 | Department: College Department | Unit ID: 101 | Added by: Jane Smith (requestor)
[2025-04-25 10:02:40] PRS verified successfully | PR Code: 2025020 | Verified by: Arisu Johnson (dept_head)
[2025-04-25 10:02:47] PRS verified successfully | PR Code: 2025020 | Verified by: Arisu Johnson (dept_head)
[2025-04-25 10:04:50] PRS approved successfully | PR Code: 2025020 | Approved by: Max Jones (approver)
[2025-04-25 10:15:06] PRS updated | PR Code: 2025011 | Updated by: Jessica Oliver (purchaser)
[2025-04-25 10:15:55] PRS updated | PR Code: 2025011 | Updated by: Jessica Oliver (purchaser)
[2025-04-25 10:28:32] PRS updated | PR Code: 2025020 | Updated by: Jessica Oliver (purchaser)
[2025-04-25 10:35:17] PRS updated | PR Code: 2025020 | Updated by: Jessica Oliver (purchaser)
[2025-04-28 12:24:43] PRS Inserted | PR Code: 1 | Department: College Department | Unit ID: 101 | Added by: Antonio C. Reyes (user21)
[2025-04-28 12:25:11] PRS verified successfully | PR Code: 1 | Verified by: Arisu Johnson (dept_head)
[2025-04-28 12:28:32] User added successfully: Elena D. Cruz, Sr. | Username: stockroom | Position: Stockroom | Added by: Godwin Santiago II (admin)
[2025-04-28 12:31:30] PRS verified successfully | PR Code: 1 | Verified by: Arisu Johnson (dept_head)
[2025-04-28 12:32:00] PRS Inserted | PR Code: 2 | Department: College Department | Unit ID: 103 | Added by: Antonio C. Reyes (user21)
[2025-04-28 12:32:18] PRS verified successfully | PR Code: 2 | Verified by: Arisu Johnson (dept_head)
[2025-04-28 12:33:09] PRS Inserted | PR Code: 3 | Department: College Department | Unit ID: 105 | Added by: Antonio C. Reyes (user21)
[2025-04-28 12:34:54] PRS verified successfully | PR Code: 20250003 | Verified by: Arisu Johnson (dept_head)
[2025-04-28 12:35:27] PRS approved successfully | PR Code: 20250003 | Approved by: Max Jones (approver)
[2025-04-28 12:36:21] PRS approved successfully | PR Code: 20250001 | Approved by: Max Jones (approver)
[2025-04-28 12:37:01] PRS updated | PR Code: 20250001 | Updated by: Jessica Oliver (purchaser)
[2025-04-28 12:39:04] PRS Inserted | PR Code: 20250004 | Department: College Department | Unit ID: 102 | Added by: Jane Smith (requestor)
[2025-04-28 12:39:21] PRS verified successfully | PR Code: 20250004 | Verified by: Arisu Johnson (dept_head)
[2025-04-28 12:39:28] PRS updated successfully | PR Code: 20250004 | Updated by: Jane Smith (requestor)
[2025-04-28 12:42:12] PRS approved successfully | PR Code: 20250004 | Approved by: Max Jones (approver)
[2025-04-28 12:44:32] PRS updated | PR Code: 20250004 | Updated by: Jessica Oliver (purchaser)
[2025-04-28 12:45:10] PRS updated | PR Code: 20250004 | Updated by: Jessica Oliver (purchaser)
[2025-04-28 12:45:31] PRS updated | PR Code: 20250004 | Updated by: Jessica Oliver (purchaser)
[2025-04-28 12:45:42] PRS updated | PR Code: 20250004 | Updated by: Jessica Oliver (purchaser)
[2025-04-28 13:36:45] Bulk Equipment tagging added: Location: Info Tech Lab | Department: College Department | Date: 2025-04-28 | By: John Doe (custodian)
[2025-04-28 13:51:15] Bulk Equipment tagging added: Location: Faculty Office | Department: College Department | Date: 2025-04-28 | By: John Doe (custodian)
[2025-05-06 21:51:03] PRS Inserted | PR Code: 20250005 | Department: College Department | Unit ID: 102 | Added by: Jane Smith (requestor)
[2025-05-06 21:51:15] PRS verified successfully | PR Code: 20250005 | Verified by: Arisu Johnson (dept_head)
[2025-05-06 21:51:43] PRS approved successfully | PR Code: 20250005 | Approved by: Max Jones (approver)
[2025-05-06 22:21:50] PRS Inserted | PR Code: 20250006 | Department: College Department | Unit ID: 102 | Added by: Antonio C. Reyes (user21)
[2025-05-06 22:22:20] PRS verified successfully | PR Code: 20250006 | Verified by: Arisu Johnson (dept_head)
[2025-05-06 22:22:39] PRS approved successfully | PR Code: 20250006 | Approved by: Max Jones (approver)
[2025-05-07 10:58:17] PRS Inserted | PR Code: 20250007 | Department: College Department | Unit ID: 102 | Added by: Jane Smith (requestor)
[2025-05-08 17:12:43] Item added successfully: Barcode: 2052031 | Particular: sample | Brand: sample  | Added by: Elena D. Cruz, Sr. (stockroom)
[2025-05-09 00:10:50] PRS verified successfully | PR Code: 20250007 | Verified by: Arisu Johnson (dept_head)
[2025-05-09 00:11:00] PRS approved successfully | PR Code: 20250007 | Approved by: Max Jones (approver)
[2025-05-09 00:22:45] PRS Inserted | PR Code: 20250008 | Department: College Department | Unit ID: 101 | Added by: Jane Smith (requestor)
[2025-05-09 00:22:59] PRS verified successfully | PR Code: 20250008 | Verified by: Arisu Johnson (dept_head)
[2025-05-09 00:39:38] PRS verified successfully | PR Code: 20250008 | Verified by: Arisu Johnson (dept_head)
[2025-05-09 00:40:05] PRS verified successfully | PR Code: 20250008 | Verified by: Arisu Johnson (dept_head)
[2025-05-09 08:57:16] Item updated: Barcode: 2052031 | Particular: sample | Brand: sample | Category: 205 | Quantity: 0 | Updated by: Elena D. Cruz, Sr. (stockroom)
[2025-05-09 09:30:29] PRS approved successfully | PR Code: 20250008 | Approved by: Max Jones (approver)
[2025-05-09 12:05:01] PRS Inserted | PR Code: 20250009 | Department: College Department | Unit ID: 101 | Added by: Jane Smith (requestor)
[2025-05-09 14:51:55] User added successfully: Antonio C. Reyes | Username: reyes_antonio5 | Position: Requestor | Added by: Godwin Santiago II (admin)
[2025-05-09 14:54:45] PRS Inserted | PR Code: 20250059 | Department: College Department | Unit ID: 103 | Added by: Antonio C. Reyes (reyes_antonio5)
[2025-05-09 15:09:31] PRS Inserted | PR Code: 20250060 | Department: College Department | Unit ID: 105 | Added by: Antonio C. Reyes (reyes_antonio5)
[2025-05-09 15:10:08] PRS Inserted | PR Code: 20250061 | Department: College Department | Unit ID: 106 | Added by: Antonio C. Reyes (reyes_antonio5)
[2025-05-09 15:10:33] PRS Inserted | PR Code: 20250062 | Department: College Department | Unit ID: 101 | Added by: Antonio C. Reyes (reyes_antonio5)
[2025-05-09 15:10:58] PRS Inserted | PR Code: 20250063 | Department: College Department | Unit ID: 103 | Added by: Antonio C. Reyes (reyes_antonio5)
[2025-05-09 15:12:15] PRS Inserted | PR Code: 20250064 | Department: College Department | Unit ID: 105 | Added by: Antonio C. Reyes (reyes_antonio5)
[2025-05-09 15:13:06] PRS Inserted | PR Code: 20250065 | Department: College Department | Unit ID: 104 | Added by: Antonio C. Reyes (reyes_antonio5)
[2025-05-09 15:13:56] PRS Inserted | PR Code: 20250066 | Department: College Department | Unit ID: 106 | Added by: Antonio C. Reyes (reyes_antonio5)
[2025-05-09 15:23:11] PRS Inserted | PR Code: 20250067 | Department: College Department | Unit ID: 101 | Added by: Antonio C. Reyes (reyes_antonio5)
[2025-05-09 15:23:35] PRS Inserted | PR Code: 20250068 | Department: College Department | Unit ID: 104 | Added by: Antonio C. Reyes (reyes_antonio5)
[2025-05-09 15:24:06] PRS Inserted | PR Code: 20250069 | Department: College Department | Unit ID: 105 | Added by: Antonio C. Reyes (reyes_antonio5)
[2025-05-09 15:25:24] PRS Inserted | PR Code: 20250070 | Department: College Department | Unit ID: 103 | Added by: Antonio C. Reyes (reyes_antonio5)
[2025-05-09 15:27:21] PRS Inserted | PR Code: 20250071 | Department: College Department | Unit ID: 103 | Added by: Antonio C. Reyes (reyes_antonio5)
[2025-05-09 15:28:05] PRS Inserted | PR Code: 20250072 | Department: College Department | Unit ID: 101 | Added by: Antonio C. Reyes (reyes_antonio5)
[2025-05-09 15:28:29] PRS Inserted | PR Code: 20250073 | Department: College Department | Unit ID: 104 | Added by: Antonio C. Reyes (reyes_antonio5)
[2025-05-09 15:29:16] PRS Inserted | PR Code: 20250074 | Department: College Department | Unit ID: 104 | Added by: Antonio C. Reyes (reyes_antonio5)
[2025-05-09 15:30:06] PRS Inserted | PR Code: 20250075 | Department: College Department | Unit ID: 101 | Added by: Antonio C. Reyes (reyes_antonio5)
[2025-05-09 15:30:38] PRS Inserted | PR Code: 20250076 | Department: College Department | Unit ID: 103 | Added by: Antonio C. Reyes (reyes_antonio5)
[2025-05-09 15:31:16] PRS Inserted | PR Code: 20250077 | Department: College Department | Unit ID: 105 | Added by: Antonio C. Reyes (reyes_antonio5)
[2025-05-09 15:31:34] PRS Inserted | PR Code: 20250078 | Department: College Department | Unit ID: 104 | Added by: Antonio C. Reyes (reyes_antonio5)
[2025-05-09 15:32:51] PRS Inserted | PR Code: 20250079 | Department: College Department | Unit ID: 101 | Added by: Antonio C. Reyes (reyes_antonio5)
[2025-05-09 15:33:09] PRS Inserted | PR Code: 20250080 | Department: College Department | Unit ID: 103 | Added by: Antonio C. Reyes (reyes_antonio5)
[2025-05-09 15:33:45] PRS Inserted | PR Code: 20250081 | Department: College Department | Unit ID: 105 | Added by: Antonio C. Reyes (reyes_antonio5)
[2025-05-09 15:34:16] PRS Inserted | PR Code: 20250082 | Department: College Department | Unit ID: 101 | Added by: Antonio C. Reyes (reyes_antonio5)
[2025-05-09 15:34:46] PRS Inserted | PR Code: 20250083 | Department: College Department | Unit ID: 103 | Added by: Antonio C. Reyes (reyes_antonio5)
[2025-05-09 15:35:07] PRS Inserted | PR Code: 20250084 | Department: College Department | Unit ID: 104 | Added by: Antonio C. Reyes (reyes_antonio5)
[2025-05-09 15:35:31] PRS Inserted | PR Code: 20250085 | Department: College Department | Unit ID: 104 | Added by: Antonio C. Reyes (reyes_antonio5)
[2025-05-09 15:36:09] PRS Inserted | PR Code: 20250086 | Department: College Department | Unit ID: 102 | Added by: Antonio C. Reyes (reyes_antonio5)
[2025-05-09 15:36:32] PRS Inserted | PR Code: 20250087 | Department: College Department | Unit ID: 105 | Added by: Antonio C. Reyes (reyes_antonio5)
[2025-05-09 15:37:54] PRS Inserted | PR Code: 20250088 | Department: College Department | Unit ID: 104 | Added by: Antonio C. Reyes (reyes_antonio5)
[2025-05-09 15:38:29] PRS Inserted | PR Code: 20250089 | Department: College Department | Unit ID: 104 | Added by: Antonio C. Reyes (reyes_antonio5)
[2025-05-09 15:38:56] PRS Inserted | PR Code: 20250090 | Department: College Department | Unit ID: 103 | Added by: Antonio C. Reyes (reyes_antonio5)
[2025-05-09 15:39:34] PRS Inserted | PR Code: 20250091 | Department: College Department | Unit ID: 105 | Added by: Antonio C. Reyes (reyes_antonio5)
[2025-05-09 15:40:00] PRS Inserted | PR Code: 20250092 | Department: College Department | Unit ID: 105 | Added by: Antonio C. Reyes (reyes_antonio5)
[2025-05-09 15:40:56] PRS Inserted | PR Code: 20250093 | Department: College Department | Unit ID: 103 | Added by: Antonio C. Reyes (reyes_antonio5)
[2025-05-09 15:41:13] PRS Inserted | PR Code: 20250094 | Department: College Department | Unit ID: 104 | Added by: Antonio C. Reyes (reyes_antonio5)
[2025-05-09 15:41:27] PRS Inserted | PR Code: 20250095 | Department: College Department | Unit ID: 104 | Added by: Antonio C. Reyes (reyes_antonio5)
[2025-05-09 15:42:09] PRS Inserted | PR Code: 20250096 | Department: College Department | Unit ID: 105 | Added by: Antonio C. Reyes (reyes_antonio5)
[2025-05-09 15:43:45] PRS Inserted | PR Code: 20250097 | Department: College Department | Unit ID: 103 | Added by: Antonio C. Reyes (reyes_antonio5)
[2025-05-09 15:44:02] PRS Inserted | PR Code: 20250098 | Department: College Department | Unit ID: 102 | Added by: Antonio C. Reyes (reyes_antonio5)
[2025-05-09 15:44:25] PRS Inserted | PR Code: 20250099 | Department: College Department | Unit ID: 104 | Added by: Antonio C. Reyes (reyes_antonio5)
[2025-05-09 15:44:41] PRS Inserted | PR Code: 20250100 | Department: College Department | Unit ID: 104 | Added by: Antonio C. Reyes (reyes_antonio5)
[2025-05-09 15:45:12] PRS Inserted | PR Code: 20250101 | Department: College Department | Unit ID: 104 | Added by: Antonio C. Reyes (reyes_antonio5)
[2025-05-09 15:45:44] PRS Inserted | PR Code: 20250102 | Department: College Department | Unit ID: 105 | Added by: Antonio C. Reyes (reyes_antonio5)
[2025-05-09 15:46:18] PRS Inserted | PR Code: 20250103 | Department: College Department | Unit ID: 101 | Added by: Antonio C. Reyes (reyes_antonio5)
[2025-05-09 15:46:32] PRS Inserted | PR Code: 20250104 | Department: College Department | Unit ID: 103 | Added by: Antonio C. Reyes (reyes_antonio5)
[2025-05-09 16:34:25] PRS verified successfully | PR Code: 20250009 | Verified by: Arisu Johnson (dept_head)
[2025-05-09 16:34:29] PRS verified successfully | PR Code: 20250010 | Verified by: Arisu Johnson (dept_head)
[2025-05-09 16:34:33] PRS verified successfully | PR Code: 20250011 | Verified by: Arisu Johnson (dept_head)
[2025-05-09 16:34:39] PRS verified successfully | PR Code: 20250012 | Verified by: Arisu Johnson (dept_head)
[2025-05-09 16:34:46] PRS verified successfully | PR Code: 20250013 | Verified by: Arisu Johnson (dept_head)
[2025-05-09 16:34:54] PRS verified successfully | PR Code: 20250014 | Verified by: Arisu Johnson (dept_head)
[2025-05-09 16:35:02] PRS verified successfully | PR Code: 20250015 | Verified by: Arisu Johnson (dept_head)
[2025-05-09 16:35:41] PRS approved successfully | PR Code: 20250009 | Approved by: Max Jones (approver)
[2025-05-09 16:35:46] PRS approved successfully | PR Code: 20250010 | Approved by: Max Jones (approver)
[2025-05-09 16:35:53] PRS approved successfully | PR Code: 20250011 | Approved by: Max Jones (approver)
[2025-05-09 16:35:57] PRS approved successfully | PR Code: 20250012 | Approved by: Max Jones (approver)
[2025-05-09 16:36:03] PRS approved successfully | PR Code: 20250013 | Approved by: Max Jones (approver)
[2025-05-09 16:36:07] PRS approved successfully | PR Code: 20250014 | Approved by: Max Jones (approver)
[2025-05-09 16:36:59] PRS approved successfully | PR Code: 20250015 | Approved by: Max Jones (approver)
[2025-05-09 17:15:41] PRS Inserted | PR Code: 20250105 | Department: College Department | Unit ID: 101 | Added by: Antonio C. Reyes (reyes_antonio5)
[2025-05-09 17:16:43] PRS Inserted | PR Code: 20250106 | Department: College Department | Unit ID: 101 | Added by: Antonio C. Reyes (reyes_antonio5)
[2025-05-09 17:18:15] PRS verified successfully | PR Code: 20250105 | Verified by: Arisu Johnson (dept_head)
[2025-05-09 17:18:27] PRS verified successfully | PR Code: 20250106 | Verified by: Arisu Johnson (dept_head)
[2025-05-09 17:19:52] PRS approved successfully | PR Code: 20250106 | Approved by: Max Jones (approver)
[2025-05-09 17:20:01] PRS approved successfully | PR Code: 20250105 | Approved by: Max Jones (approver)
[2025-05-11 17:49:38] Item updated: Barcode: 2052031 | Particular: sample | Brand: sample | Category: 205 | Quantity: 0 | Updated by: Elena D. Cruz, Sr. (stockroom)
[2025-05-11 22:34:11] User deleted successfully: Isabel B. Santos, Jr. | Username: asd | Position: Dept. Head | Deleted by: Oliver P. Revilo (admin)
[2025-05-11 22:35:00] User deleted successfully: Antonio C. Reyes | Username: asd | Position: System Admin | Deleted by: Oliver P. Revilo (admin)
[2025-05-11 23:10:19] User deleted successfully: Miguel A. Garcia | Username: 42 | Position: Requestor | Deleted by: Oliver P. Revilo (admin)
[2025-05-11 23:10:24] User deleted successfully: Isabel B. Santos, Jr. | Username: 41 | Position: System Admin | Deleted by: Oliver P. Revilo (admin)
[2025-05-11 23:24:36] User deleted successfully: Isabel B. Santos, Jr. | Username: 12121 | Position: System Admin | Deleted by: Oliver P. Revilo (admin)
[2025-05-11 23:25:22] User deleted successfully: Antonio C. Reyes | Username: 4211 | Position: System Admin | Deleted by: Oliver P. Revilo (admin)
[2025-05-11 23:25:25] User deleted successfully: Antonio C. Reyes | Username: asd2 | Position: Admin | Deleted by: Oliver P. Revilo (admin)
[2025-05-13 14:10:25] PRS Inserted | PR Code: 20250107 | Department: College Department | Unit ID: 101 | Added by: Jane Smith (requestor)
[2025-05-13 17:40:33] PRS verified successfully | PR Code: 20250016 | Verified by: Arisu Johnson (dept_head)
[2025-05-13 17:40:47] PRS approved successfully | PR Code: 20250016 | Approved by: Max Jones (approver)
[2025-06-11 15:35:05] PRS Inserted | PR Code: 20250108 | Department: College Department | Unit ID: 101 | Added by: Jane Smith (requestor)
[2025-06-11 15:35:43] PRS updated successfully | PR Code: 20250108 | Updated by: Jane Smith (requestor)
[2025-06-11 15:35:57] PRS updated successfully | PR Code: 20250107 | Updated by: Jane Smith (requestor)
[2025-06-11 15:36:05] PRS updated successfully | PR Code: 20250107 | Updated by: Jane Smith (requestor)
[2025-06-11 17:03:56] PRS verified successfully | PR Code: 20250108 | Verified by: Arisu Johnson (dept_head)
[2025-06-12 09:42:37] PRS verified successfully | PR Code: 20250051 | Verified by: Arisu Johnson (dept_head)
[2025-06-12 10:43:01] PRS verified successfully | PR Code: 20250102 | Verified by: Arisu Johnson (dept_head)
[2025-06-13 16:04:57] PRS Inserted | PR Code: 20250109 | Department: College Department | Unit ID: 102 | Added by: Jane Smith (requestor)
[2025-06-13 16:05:21] PRS verified successfully | PR Code: 20250109 | Verified by: Arisu Johnson (dept_head)
[2025-06-13 16:05:35] PRS approved successfully | PR Code: 20250109 | Approved by: Max Jones (approver)
[2025-06-13 16:06:49] Supplier updated successfully | Supplier ID: 4 | Supplier Name: Electro World | Status: Active | Updated by: Jessica Oliver (purchaser)
[2025-06-13 16:46:00] PRS verified successfully | PR Code: 20250017 | Verified by: Arisu Johnson (dept_head)
[2025-06-14 10:14:08] Item deleted successfully: Barcode: 1021023 | Deleted by: Elena D. Cruz Sr. (stockroom)
